#
# A fatal error has been detected by the Java Runtime Environment:
#
#  SIGSEGV (0xb) at pc=0x00007fff5c922447, pid=16431, tid=25091
#
# JRE version: Java(TM) SE Runtime Environment (13.0+33) (build 13+33)
# Java VM: Java HotSpot(TM) 64-Bit Server VM (13+33, mixed mode, sharing, tiered, compressed oops, g1 gc, bsd-amd64)
# Problematic frame:
# C  [libsystem_platform.dylib+0x1447]  _platform_memmove$VARIANT$Nehalem+0x47
#
# No core dump will be written. Core dumps have been disabled. To enable core dumping, try "ulimit -c unlimited" before starting Java again
#
# If you would like to submit a bug report, please visit:
#   http://bugreport.java.com/bugreport/crash.jsp
#

---------------  S U M M A R Y ------------

Command Line: -Dclassworlds.conf=/Applications/NetBeans/Apache NetBeans 11.2.app/Contents/Resources/NetBeans/netbeans/java/maven/bin/m2.conf -Dmaven.home=/Applications/NetBeans/Apache NetBeans 11.2.app/Contents/Resources/NetBeans/netbeans/java/maven -Dmaven.multiModuleProjectDirectory=/Users/macbook/Documents/diego/Programacion/Visual Studio/nuevo proyecto/backend org.codehaus.plexus.classworlds.launcher.Launcher -Dmaven.ext.class.path=/Applications/NetBeans/Apache NetBeans 11.2.app/Contents/Resources/NetBeans/netbeans/java/maven-nblib/netbeans-eventspy.jar clean install

Host: MacBookPro8,1 x86_64 2400 MHz, 4 cores, 12G, Darwin 17.7.0
Time: Tue Dec 31 18:22:05 2024 -03 elapsed time: 113 seconds (0d 0h 1m 53s)

---------------  T H R E A D  ---------------

Current thread (0x00007fc523a2c800):  GCTaskThread "GC Thread#1" [stack: 0x00007000063e2000,0x00007000064e2000] [id=25091]

Stack: [0x00007000063e2000,0x00007000064e2000],  sp=0x00007000064e1d50,  free space=1023k
Native frames: (J=compiled Java code, A=aot compiled Java code, j=interpreted, Vv=VM code, C=native code)
C  [libsystem_platform.dylib+0x1447]  _platform_memmove$VARIANT$Nehalem+0x47
V  [libjvm.dylib+0x310ba1]  _ZN19G1FullGCCompactTask22G1CompactRegionClosure5applyEP7oopDesc+0xcd
V  [libjvm.dylib+0x310cac]  _ZN19G1FullGCCompactTask14compact_regionEP10HeapRegion+0xc8
V  [libjvm.dylib+0x310dfa]  _ZN19G1FullGCCompactTask4workEj+0x56
V  [libjvm.dylib+0x7a7f1b]  _ZN10GangWorker4loopEv+0x43
V  [libjvm.dylib+0x72dccd]  _ZN6Thread8call_runEv+0x71
V  [libjvm.dylib+0x626605]  _ZL19thread_native_entryP6Thread+0x132
C  [libsystem_pthread.dylib+0x3661]  _pthread_body+0x154
C  [libsystem_pthread.dylib+0x350d]  _pthread_body+0x0
C  [libsystem_pthread.dylib+0x2bf9]  thread_start+0xd


siginfo: si_signo: 11 (SIGSEGV), si_code: 1 (SEGV_MAPERR), si_addr: 0x0000200740b46970

Register to memory mapping:

RAX=0x0000200740b46970 is an unknown value
RBX=0x0000200740b46970 is an unknown value
RCX=0x0000200740b46973 is an unknown value
RDX=0x0000000000000028 is an unknown value
RSP=0x00007000064e1d50 points into unknown readable memory: 90 1d 4e 06 00 70 00 00
RBP=0x00007000064e1d50 points into unknown readable memory: 90 1d 4e 06 00 70 00 00
RSI=0x0000000740e80d10 is pointing into object: java.lang.StackTraceElement 
{0x0000000740e80d08} - klass: 'java/lang/StackTraceElement'
RDI=0x0000200740b46970 is an unknown value
R8 =0x0000000740000000 is an oop: java.util.concurrent.ConcurrentHashMap$Node 
{0x0000000740000000} - klass: 'java/util/concurrent/ConcurrentHashMap$Node'
R9 =0x0085049209110500 is an unknown value
R10=0x8504920911050022 is an unknown value
R11=0x00001fffffcc5c68 is an unknown value
R12=0x0000000103daedc1: UseCompressedClassPointers+0 in /Library/Java/JavaVirtualMachines/jdk-13.jdk/Contents/Home/lib/server/libjvm.dylib at 0x0000000103400000
R13=0x0000000740f00000 is an oop: org.apache.maven.model.Dependency 
{0x0000000740f00000} - klass: 'org/apache/maven/model/Dependency'
R14=0x0000000740e80d08 is an oop: java.lang.StackTraceElement 
{0x0000000740e80d08} - klass: 'java/lang/StackTraceElement'
R15=0x0000000000000006 is an unknown value


Registers:
RAX=0x0000200740b46970, RBX=0x0000200740b46970, RCX=0x0000200740b46973, RDX=0x0000000000000028
RSP=0x00007000064e1d50, RBP=0x00007000064e1d50, RSI=0x0000000740e80d10, RDI=0x0000200740b46970
R8 =0x0000000740000000, R9 =0x0085049209110500, R10=0x8504920911050022, R11=0x00001fffffcc5c68
R12=0x0000000103daedc1, R13=0x0000000740f00000, R14=0x0000000740e80d08, R15=0x0000000000000006
RIP=0x00007fff5c922447, EFLAGS=0x0000000000010212, ERR=0x0000000000000006
  TRAPNO=0x000000000000000e

Top of Stack: (sp=0x00007000064e1d50)
0x00007000064e1d50:   00007000064e1d90 0000000103710ba1
0x00007000064e1d60:   00007000064e1d90 0000000000000005
0x00007000064e1d70:   0000000740e80d08 00007fc52381fe58
0x00007000064e1d80:   0000000103d50600 00007fc522414bb0
0x00007000064e1d90:   00007000064e1dd0 0000000103710cac
0x00007000064e1da0:   0000700005a40620 0000000000000007
0x00007000064e1db0:   00007fc527244100 0000000000000000
0x00007000064e1dc0:   0000000000000001 0000700005a40620
0x00007000064e1dd0:   00007000064e1e40 0000000103710dfa
0x00007000064e1de0:   00007fc52381fe58 00007fc527244220
0x00007000064e1df0:   0000700000000000 0000001a7643af97
0x00007000064e1e00:   0000003f404d8ee0 0000000103a98e96
0x00007000064e1e10:   0000001a7be5a2f9 0000003f4dca5dc0
0x00007000064e1e20:   0000700005a40620 0000000000000001
0x00007000064e1e30:   00007000064e1e58 00007fc523a2c800
0x00007000064e1e40:   00007000064e1e80 0000000103ba7f1b
0x00007000064e1e50:   00007fc523a2c800 00007fc5ffffffff
0x00007000064e1e60:   00007fc523a2c800 00007fc5226738a0
0x00007000064e1e70:   00007fc523a2c800 0000000000000001
0x00007000064e1e80:   00007000064e1ea0 0000000103b2dccd
0x00007000064e1e90:   0000000000000000 00007fc522673830
0x00007000064e1ea0:   00007000064e1ef0 0000000103a26605
0x00007000064e1eb0:   000000000001fdbd 00007000064e20e0
0x00007000064e1ec0:   00007000064e2180 0000000600000000
0x00007000064e1ed0:   00007000064e2000 0000000103a264d3
0x00007000064e1ee0:   00007000064e2000 0000000000000000
0x00007000064e1ef0:   00007000064e1f20 00007fff5c92c661
0x00007000064e1f00:   0000000000000001 00007000064e2000
0x00007000064e1f10:   000000001c0008ff 00007fc523a2c800
0x00007000064e1f20:   00007000064e1f50 00007fff5c92c50d
0x00007000064e1f30:   0000000000000000 0000000000000000
0x00007000064e1f40:   0000000000000000 0000000000000000 

Instructions: (pc=0x00007fff5c922447)
0x00007fff5c922347:   8b 09 81 e1 00 00 00 60 81 f9 00 00 00 60 48 0f
0x00007fff5c922357:   44 c2 c3 48 b8 40 00 e0 ff ff 7f 00 00 8b 00 3d
0x00007fff5c922367:   eb 5e 3b 57 7e 17 3d ec 5e 3b 57 74 1e 3d bc 4f
0x00007fff5c922377:   ea 78 74 1f 3d d2 4c 5a 6b 74 10 eb 26 3d 35 e8
0x00007fff5c922387:   65 1f 74 17 3d 8c b7 90 54 75 18 48 8d 05 67 00
0x00007fff5c922397:   00 00 c3 48 8d 05 9f 3e 00 00 c3 48 8d 05 17 00
0x00007fff5c9223a7:   00 00 c3 48 8d 05 6f 3b 00 00 c3 90 90 90 90 90
0x00007fff5c9223b7:   90 90 90 90 90 90 90 90 90 55 48 89 e5 49 89 fb
0x00007fff5c9223c7:   49 29 f3 48 89 f8 49 39 d3 0f 82 44 00 00 00 48
0x00007fff5c9223d7:   83 fa 50 0f 82 6e 00 00 00 48 81 fa 00 00 02 00
0x00007fff5c9223e7:   0f 82 83 00 00 00 48 89 d1 fc f3 a4 5d c3 66 66
0x00007fff5c9223f7:   2e 0f 1f 84 00 00 00 00 00 55 48 89 e5 49 89 fb
0x00007fff5c922407:   49 29 f3 48 89 f8 49 39 d3 72 08 48 83 fa 50 72
0x00007fff5c922417:   36 eb 56 48 39 fe 74 4d 48 01 d6 48 01 d7 48 83
0x00007fff5c922427:   fa 50 0f 82 2f 01 00 00 e9 4c 01 00 00 66 66 66
0x00007fff5c922437:   2e 0f 1f 84 00 00 00 00 00 48 8b 0e 48 83 c6 08
0x00007fff5c922447:   48 89 0f 48 83 c7 08 48 83 ea 08 73 ec 48 83 c2
0x00007fff5c922457:   08 74 12 8a 0e 48 83 c6 01 88 0f 48 83 c7 01 48
0x00007fff5c922467:   83 ea 01 75 ee 5d c3 66 90 0f 10 06 48 83 c7 10
0x00007fff5c922477:   48 83 e7 f0 48 89 f9 48 29 c1 48 01 ce 48 29 ca
0x00007fff5c922487:   0f 10 0e 0f 11 00 0f 10 56 10 0f 10 5e 20 0f 10
0x00007fff5c922497:   66 30 48 83 c6 40 48 81 ea 80 00 00 00 76 6a 48
0x00007fff5c9224a7:   f7 c6 0f 00 00 00 74 31 0f 29 0f 0f 29 57 10 0f
0x00007fff5c9224b7:   29 5f 20 0f 29 67 30 48 83 c7 40 0f 10 0e 0f 10
0x00007fff5c9224c7:   56 10 0f 10 5e 20 0f 10 66 30 48 83 c6 40 48 83
0x00007fff5c9224d7:   ea 40 77 d4 eb 33 0f 1f 00 0f 29 0f 0f 29 57 10
0x00007fff5c9224e7:   0f 29 5f 20 0f 29 67 30 48 83 c7 40 0f 28 0e 0f
0x00007fff5c9224f7:   28 56 10 0f 28 5e 20 0f 28 66 30 48 83 c6 40 48
0x00007fff5c922507:   83 ea 40 77 d4 0f 1f 40 00 0f 10 2c 16 0f 10 74
0x00007fff5c922517:   16 10 0f 10 7c 16 20 44 0f 10 44 16 30 0f 29 0f
0x00007fff5c922527:   0f 29 57 10 0f 29 5f 20 0f 29 67 30 0f 11 6c 17
0x00007fff5c922537:   40 0f 11 74 17 50 0f 11 7c 17 60 44 0f 11 44 17 


Stack slot to memory mapping:
stack at sp + 0 slots: 0x00007000064e1d90 points into unknown readable memory: d0 1d 4e 06 00 70 00 00
stack at sp + 1 slots: 0x0000000103710ba1: _ZN19G1FullGCCompactTask22G1CompactRegionClosure5applyEP7oopDesc+0xcd in /Library/Java/JavaVirtualMachines/jdk-13.jdk/Contents/Home/lib/server/libjvm.dylib at 0x0000000103400000
stack at sp + 2 slots: 0x00007000064e1d90 points into unknown readable memory: d0 1d 4e 06 00 70 00 00
stack at sp + 3 slots: 0x0000000000000005 is an unknown value
stack at sp + 4 slots: 0x0000000740e80d08 is an oop: java.lang.StackTraceElement 
{0x0000000740e80d08} - klass: 'java/lang/StackTraceElement'
stack at sp + 5 slots: 0x00007fc52381fe58 points into unknown readable memory: c8 be d2 03 01 00 00 00
stack at sp + 6 slots: 0x0000000103d50600: PrefetchScanIntervalInBytes+0 in /Library/Java/JavaVirtualMachines/jdk-13.jdk/Contents/Home/lib/server/libjvm.dylib at 0x0000000103400000
stack at sp + 7 slots: 0x00007fc522414bb0 points into unknown readable memory: a0 fb d2 03 01 00 00 00


---------------  P R O C E S S  ---------------

Threads class SMR info:
_java_thread_list=0x00007fc52730fa80, length=15, elements={
0x00007fc523808000, 0x00007fc52282b000, 0x00007fc522802000, 0x00007fc524019000,
0x00007fc523879000, 0x00007fc522851800, 0x00007fc524085000, 0x00007fc523006800,
0x00007fc5240c1800, 0x00007fc526052800, 0x00007fc52613d000, 0x00007fc524383800,
0x00007fc524796000, 0x00007fc525a30800, 0x00007fc5258e8000
}

Java Threads: ( => current thread )
  0x00007fc523808000 JavaThread "main" [_thread_blocked, id=7171, stack(0x00000001041e1000,0x00000001042e1000)]
  0x00007fc52282b000 JavaThread "Reference Handler" daemon [_thread_blocked, id=14339, stack(0x0000700005a44000,0x0000700005b44000)]
  0x00007fc522802000 JavaThread "Finalizer" daemon [_thread_blocked, id=14595, stack(0x0000700005b47000,0x0000700005c47000)]
  0x00007fc524019000 JavaThread "Signal Dispatcher" daemon [_thread_blocked, id=14855, stack(0x0000700005ccd000,0x0000700005dcd000)]
  0x00007fc523879000 JavaThread "C2 CompilerThread0" daemon [_thread_blocked, id=42499, stack(0x0000700005dd0000,0x0000700005ed0000)]
  0x00007fc522851800 JavaThread "C1 CompilerThread0" daemon [_thread_blocked, id=42243, stack(0x0000700005ed3000,0x0000700005fd3000)]
  0x00007fc524085000 JavaThread "Sweeper thread" daemon [_thread_blocked, id=41987, stack(0x0000700005fd6000,0x00007000060d6000)]
  0x00007fc523006800 JavaThread "Service Thread" daemon [_thread_blocked, id=23555, stack(0x00007000060d9000,0x00007000061d9000)]
  0x00007fc5240c1800 JavaThread "Common-Cleaner" daemon [_thread_blocked, id=24579, stack(0x00007000062df000,0x00007000063df000)]
  0x00007fc526052800 JavaThread "resolver-1" daemon [_thread_blocked, id=21771, stack(0x00007000066eb000,0x00007000067eb000)]
  0x00007fc52613d000 JavaThread "resolver-2" daemon [_thread_blocked, id=26115, stack(0x00007000067ee000,0x00007000068ee000)]
  0x00007fc524383800 JavaThread "resolver-3" daemon [_thread_blocked, id=26883, stack(0x00007000068f1000,0x00007000069f1000)]
  0x00007fc524796000 JavaThread "resolver-4" daemon [_thread_blocked, id=40451, stack(0x00007000069f4000,0x0000700006af4000)]
  0x00007fc525a30800 JavaThread "resolver-5" daemon [_thread_blocked, id=40195, stack(0x0000700006af7000,0x0000700006bf7000)]
  0x00007fc5258e8000 JavaThread "process reaper" daemon [_thread_blocked, id=38659, stack(0x00007000053af000,0x00007000053d3000)]

Other Threads:
  0x00007fc523877800 VMThread "VM Thread" [stack: 0x0000700005941000,0x0000700005a41000] [id=13571]
  0x00007fc5240c0800 WatcherThread [stack: 0x00007000061dc000,0x00007000062dc000] [id=24067]
  0x00007fc52384b800 GCTaskThread "GC Thread#0" [stack: 0x0000700005432000,0x0000700005532000] [id=11779]
=>0x00007fc523a2c800 GCTaskThread "GC Thread#1" [stack: 0x00007000063e2000,0x00007000064e2000] [id=25091]
  0x00007fc523147800 GCTaskThread "GC Thread#2" [stack: 0x00007000064e5000,0x00007000065e5000] [id=25603]
  0x00007fc523979000 GCTaskThread "GC Thread#3" [stack: 0x00007000065e8000,0x00007000066e8000] [id=25859]
  0x00007fc523864800 ConcurrentGCThread "G1 Main Marker" [stack: 0x0000700005535000,0x0000700005635000] [id=12035]
  0x00007fc523865000 ConcurrentGCThread "G1 Conc#0" [stack: 0x0000700005638000,0x0000700005738000] [id=19715]
  0x00007fc52305d800 ConcurrentGCThread "G1 Refine#0" [stack: 0x000070000573b000,0x000070000583b000] [id=12547]
  0x00007fc523875800 ConcurrentGCThread "G1 Young RemSet Sampling" [stack: 0x000070000583e000,0x000070000593e000] [id=18947]

Threads with active compile tasks:
C1 CompilerThread0   113989 7563       3       sun.nio.cs.UTF_8$Encoder::encodeArrayLoop (489 bytes)

VM state:at safepoint (normal execution)

VM Mutex/Monitor currently owned by a thread:  ([mutex/lock_event])
[0x00007fc52240b1d0] Threads_lock - owner thread: 0x00007fc523877800
[0x00007fc52240c1d0] Heap_lock - owner thread: 0x00007fc523808000

Heap address: 0x0000000740000000, size: 3072 MB, Compressed Oops mode: Zero based, Oop shift amount: 3
Narrow klass base: 0x0000000800000000, Narrow klass shift: 3
Compressed class space size: 1073741824 Address: 0x0000000800ae9000

Heap:
 garbage-first heap   total 137216K, used 88259K [0x0000000740000000, 0x0000000800000000)
  region size 1024K, 36 young (36864K), 3 survivors (3072K)
 Metaspace       used 30554K, capacity 31436K, committed 31616K, reserved 1077248K
  class space    used 3324K, capacity 3656K, committed 3712K, reserved 1048576K
Heap Regions: E=young(eden), S=young(survivor), O=old, HS=humongous(starts), HC=humongous(continues), CS=collection set, F=free, A=archive, TAMS=top-at-mark-start (previous, next)
|   0|0x0000000740000000, 0x00000007400fffd8, 0x0000000740100000| 99%| O|  |TAMS 0x0000000740000000, 0x0000000740000000| Untracked 
|   1|0x0000000740100000, 0x0000000740200000, 0x0000000740200000|100%| O|  |TAMS 0x0000000740100000, 0x0000000740100000| Untracked 
|   2|0x0000000740200000, 0x00000007402fffe8, 0x0000000740300000| 99%| O|  |TAMS 0x0000000740200000, 0x0000000740200000| Untracked 
|   3|0x0000000740300000, 0x00000007403ffff8, 0x0000000740400000| 99%| O|  |TAMS 0x0000000740300000, 0x0000000740300000| Untracked 
|   4|0x0000000740400000, 0x00000007404fffe0, 0x0000000740500000| 99%| O|  |TAMS 0x0000000740400000, 0x0000000740400000| Untracked 
|   5|0x0000000740500000, 0x00000007405fffe0, 0x0000000740600000| 99%| O|  |TAMS 0x0000000740500000, 0x0000000740500000| Untracked 
|   6|0x0000000740600000, 0x0000000740700000, 0x0000000740700000|100%| O|  |TAMS 0x0000000740600000, 0x0000000740600000| Untracked 
|   7|0x0000000740700000, 0x00000007407ffff8, 0x0000000740800000| 99%| O|  |TAMS 0x0000000740700000, 0x0000000740700000| Untracked 
|   8|0x0000000740800000, 0x0000000740900000, 0x0000000740900000|100%| O|  |TAMS 0x0000000740800000, 0x0000000740800000| Untracked 
|   9|0x0000000740900000, 0x00000007409ffe08, 0x0000000740a00000| 99%| O|  |TAMS 0x0000000740900000, 0x0000000740900000| Untracked 
|  10|0x0000000740a00000, 0x0000000740afffc0, 0x0000000740b00000| 99%| O|  |TAMS 0x0000000740a00000, 0x0000000740a00000| Untracked 
|  11|0x0000000740b00000, 0x0000000740bfffe8, 0x0000000740c00000| 99%| F|  |TAMS 0x0000000740b00000, 0x0000000740b00000| Untracked 
|  12|0x0000000740c00000, 0x0000000740cfffe8, 0x0000000740d00000| 99%| F|  |TAMS 0x0000000740c00000, 0x0000000740c00000| Untracked 
|  13|0x0000000740d00000, 0x0000000740dfa760, 0x0000000740e00000| 97%| F|  |TAMS 0x0000000740d00000, 0x0000000740d00000| Untracked 
|  14|0x0000000740e00000, 0x0000000740f00000, 0x0000000740f00000|100%| O|  |TAMS 0x0000000740f00000, 0x0000000740e00000| Untracked 
|  15|0x0000000740f00000, 0x0000000741000000, 0x0000000741000000|100%| O|  |TAMS 0x0000000741000000, 0x0000000740f00000| Untracked 
|  16|0x0000000741000000, 0x00000007410f89e8, 0x0000000741100000| 97%| O|  |TAMS 0x0000000741000000, 0x0000000741000000| Untracked 
|  17|0x0000000741100000, 0x0000000741200000, 0x0000000741200000|100%| O|  |TAMS 0x0000000741200000, 0x0000000741100000| Untracked 
|  18|0x0000000741200000, 0x00000007412ffff0, 0x0000000741300000| 99%| O|  |TAMS 0x0000000741200000, 0x0000000741200000| Untracked 
|  19|0x0000000741300000, 0x0000000741400000, 0x0000000741400000|100%| O|  |TAMS 0x0000000741400000, 0x0000000741300000| Untracked 
|  20|0x0000000741400000, 0x00000007414ffff0, 0x0000000741500000| 99%| O|  |TAMS 0x0000000741400000, 0x0000000741400000| Untracked 
|  21|0x0000000741500000, 0x0000000741500000, 0x0000000741600000|  0%| F|  |TAMS 0x0000000741500000, 0x0000000741500000| Untracked 
|  22|0x0000000741600000, 0x0000000741700000, 0x0000000741700000|100%|HS|  |TAMS 0x0000000741600000, 0x0000000741600000| Untracked 
|  23|0x0000000741700000, 0x0000000741800000, 0x0000000741800000|100%| O|  |TAMS 0x0000000741800000, 0x0000000741700000| Untracked 
|  24|0x0000000741800000, 0x0000000741800000, 0x0000000741900000|  0%| F|  |TAMS 0x0000000741800000, 0x0000000741800000| Untracked 
|  25|0x0000000741900000, 0x0000000741a00000, 0x0000000741a00000|100%| O|  |TAMS 0x0000000741a00000, 0x0000000741900000| Untracked 
|  26|0x0000000741a00000, 0x0000000741b00000, 0x0000000741b00000|100%| O|  |TAMS 0x0000000741b00000, 0x0000000741a00000| Untracked 
|  27|0x0000000741b00000, 0x0000000741b00000, 0x0000000741c00000|  0%| F|  |TAMS 0x0000000741b00000, 0x0000000741b00000| Untracked 
|  28|0x0000000741c00000, 0x0000000741d00000, 0x0000000741d00000|100%| O|  |TAMS 0x0000000741c00000, 0x0000000741c00000| Untracked 
|  29|0x0000000741d00000, 0x0000000741e00000, 0x0000000741e00000|100%| F|  |TAMS 0x0000000741d00000, 0x0000000741d00000| Untracked 
|  30|0x0000000741e00000, 0x0000000741f00000, 0x0000000741f00000|100%| O|  |TAMS 0x0000000741e00000, 0x0000000741e00000| Untracked 
|  31|0x0000000741f00000, 0x0000000741ffffa8, 0x0000000742000000| 99%| F|  |TAMS 0x0000000741f00000, 0x0000000741f00000| Untracked 
|  32|0x0000000742000000, 0x00000007420f8798, 0x0000000742100000| 97%| F|  |TAMS 0x0000000742000000, 0x0000000742000000| Untracked 
|  33|0x0000000742100000, 0x00000007421ffff8, 0x0000000742200000| 99%| F|  |TAMS 0x0000000742100000, 0x0000000742100000| Untracked 
|  34|0x0000000742200000, 0x00000007422750b8, 0x0000000742300000| 45%| O|  |TAMS 0x0000000742200000, 0x0000000742200000| Untracked 
|  35|0x0000000742300000, 0x0000000742300000, 0x0000000742400000|  0%| O|  |TAMS 0x0000000742300000, 0x0000000742300000| Untracked 
|  36|0x0000000742400000, 0x0000000742400000, 0x0000000742500000|  0%| F|  |TAMS 0x0000000742400000, 0x0000000742400000| Untracked 
|  37|0x0000000742500000, 0x0000000742500000, 0x0000000742600000|  0%| O|  |TAMS 0x0000000742500000, 0x0000000742500000| Untracked 
|  38|0x0000000742600000, 0x0000000742600000, 0x0000000742700000|  0%| F|  |TAMS 0x0000000742600000, 0x0000000742600000| Untracked 
|  39|0x0000000742700000, 0x0000000742700000, 0x0000000742800000|  0%| F|  |TAMS 0x0000000742700000, 0x0000000742700000| Untracked 
|  40|0x0000000742800000, 0x0000000742800000, 0x0000000742900000|  0%| F|  |TAMS 0x0000000742800000, 0x0000000742800000| Untracked 
|  41|0x0000000742900000, 0x0000000742a00000, 0x0000000742a00000|100%|HS|  |TAMS 0x0000000742900000, 0x0000000742900000| Untracked 
|  42|0x0000000742a00000, 0x0000000742b00000, 0x0000000742b00000|100%|HC|  |TAMS 0x0000000742a00000, 0x0000000742a00000| Untracked 
|  43|0x0000000742b00000, 0x0000000742b00000, 0x0000000742c00000|  0%| O|  |TAMS 0x0000000742b00000, 0x0000000742b00000| Untracked 
|  44|0x0000000742c00000, 0x0000000742c00000, 0x0000000742d00000|  0%| F|  |TAMS 0x0000000742c00000, 0x0000000742c00000| Untracked 
|  45|0x0000000742d00000, 0x0000000742d00000, 0x0000000742e00000|  0%| O|  |TAMS 0x0000000742d00000, 0x0000000742d00000| Untracked 
|  46|0x0000000742e00000, 0x0000000742ef9bf8, 0x0000000742f00000| 97%| O|  |TAMS 0x0000000742e00000, 0x0000000742e00000| Untracked 
|  47|0x0000000742f00000, 0x0000000743000000, 0x0000000743000000|100%| O|  |TAMS 0x0000000743000000, 0x0000000742f00000| Untracked 
|  48|0x0000000743000000, 0x0000000743100000, 0x0000000743100000|100%| O|  |TAMS 0x0000000743100000, 0x0000000743000000| Untracked 
|  49|0x0000000743100000, 0x0000000743200000, 0x0000000743200000|100%| O|  |TAMS 0x0000000743200000, 0x0000000743100000| Untracked 
|  50|0x0000000743200000, 0x0000000743200000, 0x0000000743300000|  0%| F|  |TAMS 0x0000000743200000, 0x0000000743200000| Untracked 
|  51|0x0000000743300000, 0x0000000743300000, 0x0000000743400000|  0%| O|  |TAMS 0x0000000743300000, 0x0000000743300000| Untracked 
|  52|0x0000000743400000, 0x0000000743500000, 0x0000000743500000|100%| O|  |TAMS 0x0000000743400000, 0x0000000743400000| Untracked 
|  53|0x0000000743500000, 0x0000000743500000, 0x0000000743600000|  0%| O|  |TAMS 0x0000000743500000, 0x0000000743500000| Untracked 
|  54|0x0000000743600000, 0x0000000743700000, 0x0000000743700000|100%| O|  |TAMS 0x0000000743600000, 0x0000000743600000| Untracked 
|  55|0x0000000743700000, 0x0000000743800000, 0x0000000743800000|100%| O|  |TAMS 0x0000000743700000, 0x0000000743700000| Untracked 
|  56|0x0000000743800000, 0x0000000743900000, 0x0000000743900000|100%| O|  |TAMS 0x0000000743800000, 0x0000000743800000| Untracked 
|  57|0x0000000743900000, 0x0000000743a00000, 0x0000000743a00000|100%| O|  |TAMS 0x0000000743900000, 0x0000000743900000| Untracked 
|  58|0x0000000743a00000, 0x0000000743b00000, 0x0000000743b00000|100%| O|  |TAMS 0x0000000743a00000, 0x0000000743a00000| Untracked 
|  59|0x0000000743b00000, 0x0000000743c00000, 0x0000000743c00000|100%| O|  |TAMS 0x0000000743b00000, 0x0000000743b00000| Untracked 
|  60|0x0000000743c00000, 0x0000000743ca2800, 0x0000000743d00000| 63%| O|  |TAMS 0x0000000743c00000, 0x0000000743c00000| Untracked 
|  61|0x0000000743d00000, 0x0000000743d00000, 0x0000000743e00000|  0%| O|  |TAMS 0x0000000743d00000, 0x0000000743d00000| Untracked 
|  62|0x0000000743e00000, 0x0000000743e00000, 0x0000000743f00000|  0%| O|  |TAMS 0x0000000743e00000, 0x0000000743e00000| Untracked 
|  63|0x0000000743f00000, 0x0000000743f00000, 0x0000000744000000|  0%| O|  |TAMS 0x0000000743f00000, 0x0000000743f00000| Untracked 
|  64|0x0000000744000000, 0x0000000744000000, 0x0000000744100000|  0%| O|  |TAMS 0x0000000744000000, 0x0000000744000000| Untracked 
|  65|0x0000000744100000, 0x0000000744200000, 0x0000000744200000|100%| O|  |TAMS 0x0000000744100000, 0x0000000744100000| Untracked 
|  66|0x0000000744200000, 0x0000000744200000, 0x0000000744300000|  0%| O|  |TAMS 0x0000000744200000, 0x0000000744200000| Untracked 
|  67|0x0000000744300000, 0x0000000744300000, 0x0000000744400000|  0%| F|  |TAMS 0x0000000744300000, 0x0000000744300000| Untracked 
|  68|0x0000000744400000, 0x0000000744400000, 0x0000000744500000|  0%| F|  |TAMS 0x0000000744400000, 0x0000000744400000| Untracked 
|  69|0x0000000744500000, 0x0000000744500000, 0x0000000744600000|  0%| F|  |TAMS 0x0000000744500000, 0x0000000744500000| Untracked 
|  70|0x0000000744600000, 0x0000000744600000, 0x0000000744700000|  0%| F|  |TAMS 0x0000000744600000, 0x0000000744600000| Untracked 
|  71|0x0000000744700000, 0x0000000744700000, 0x0000000744800000|  0%| F|  |TAMS 0x0000000744700000, 0x0000000744700000| Untracked 
|  72|0x0000000744800000, 0x0000000744800000, 0x0000000744900000|  0%| F|  |TAMS 0x0000000744800000, 0x0000000744800000| Untracked 
|  73|0x0000000744900000, 0x0000000744900000, 0x0000000744a00000|  0%| F|  |TAMS 0x0000000744900000, 0x0000000744900000| Untracked 
|  74|0x0000000744a00000, 0x0000000744a00000, 0x0000000744b00000|  0%| F|  |TAMS 0x0000000744a00000, 0x0000000744a00000| Untracked 
|  75|0x0000000744b00000, 0x0000000744b00000, 0x0000000744c00000|  0%| F|  |TAMS 0x0000000744b00000, 0x0000000744b00000| Untracked 
|  76|0x0000000744c00000, 0x0000000744c00000, 0x0000000744d00000|  0%| F|  |TAMS 0x0000000744c00000, 0x0000000744c00000| Untracked 
|  77|0x0000000744d00000, 0x0000000744d00000, 0x0000000744e00000|  0%| F|  |TAMS 0x0000000744d00000, 0x0000000744d00000| Untracked 
|  78|0x0000000744e00000, 0x0000000744e00000, 0x0000000744f00000|  0%| F|  |TAMS 0x0000000744e00000, 0x0000000744e00000| Untracked 
|  79|0x0000000744f00000, 0x0000000744f00000, 0x0000000745000000|  0%| F|  |TAMS 0x0000000744f00000, 0x0000000744f00000| Untracked 
|  80|0x0000000745000000, 0x0000000745000000, 0x0000000745100000|  0%| F|  |TAMS 0x0000000745000000, 0x0000000745000000| Untracked 
|  81|0x0000000745100000, 0x0000000745100000, 0x0000000745200000|  0%| F|  |TAMS 0x0000000745100000, 0x0000000745100000| Untracked 
|  82|0x0000000745200000, 0x0000000745200000, 0x0000000745300000|  0%| F|  |TAMS 0x0000000745200000, 0x0000000745200000| Untracked 
|  83|0x0000000745300000, 0x0000000745300000, 0x0000000745400000|  0%| F|  |TAMS 0x0000000745300000, 0x0000000745300000| Untracked 
|  84|0x0000000745400000, 0x0000000745400000, 0x0000000745500000|  0%| F|  |TAMS 0x0000000745400000, 0x0000000745400000| Untracked 
|  85|0x0000000745500000, 0x0000000745500000, 0x0000000745600000|  0%| F|  |TAMS 0x0000000745500000, 0x0000000745500000| Untracked 
|  86|0x0000000745600000, 0x0000000745600000, 0x0000000745700000|  0%| F|  |TAMS 0x0000000745600000, 0x0000000745600000| Untracked 
|  87|0x0000000745700000, 0x0000000745700000, 0x0000000745800000|  0%| F|  |TAMS 0x0000000745700000, 0x0000000745700000| Untracked 
|  88|0x0000000745800000, 0x0000000745800000, 0x0000000745900000|  0%| F|  |TAMS 0x0000000745800000, 0x0000000745800000| Untracked 
|  89|0x0000000745900000, 0x0000000745900000, 0x0000000745a00000|  0%| S|  |TAMS 0x0000000745900000, 0x0000000745900000| Untracked 
|  90|0x0000000745a00000, 0x0000000745b00000, 0x0000000745b00000|100%| S|  |TAMS 0x0000000745a00000, 0x0000000745a00000| Untracked 
|  91|0x0000000745b00000, 0x0000000745b00000, 0x0000000745c00000|  0%| S|  |TAMS 0x0000000745b00000, 0x0000000745b00000| Untracked 
|  92|0x0000000745c00000, 0x0000000745c00000, 0x0000000745d00000|  0%| F|  |TAMS 0x0000000745c00000, 0x0000000745c00000| Untracked 
|  93|0x0000000745d00000, 0x0000000745d00000, 0x0000000745e00000|  0%| F|  |TAMS 0x0000000745d00000, 0x0000000745d00000| Untracked 
|  94|0x0000000745e00000, 0x0000000745e00000, 0x0000000745f00000|  0%| F|  |TAMS 0x0000000745e00000, 0x0000000745e00000| Untracked 
|  95|0x0000000745f00000, 0x0000000745f00000, 0x0000000746000000|  0%| F|  |TAMS 0x0000000745f00000, 0x0000000745f00000| Untracked 
|  96|0x0000000746000000, 0x0000000746000000, 0x0000000746100000|  0%| F|  |TAMS 0x0000000746000000, 0x0000000746000000| Untracked 
|  97|0x0000000746100000, 0x0000000746100000, 0x0000000746200000|  0%| F|  |TAMS 0x0000000746100000, 0x0000000746100000| Untracked 
|  98|0x0000000746200000, 0x0000000746200000, 0x0000000746300000|  0%| F|  |TAMS 0x0000000746200000, 0x0000000746200000| Untracked 
|  99|0x0000000746300000, 0x0000000746300000, 0x0000000746400000|  0%| E|  |TAMS 0x0000000746300000, 0x0000000746300000| Untracked 
| 100|0x0000000746400000, 0x0000000746400000, 0x0000000746500000|  0%| E|  |TAMS 0x0000000746400000, 0x0000000746400000| Untracked 
| 101|0x0000000746500000, 0x0000000746500000, 0x0000000746600000|  0%| E|  |TAMS 0x0000000746500000, 0x0000000746500000| Untracked 
| 102|0x0000000746600000, 0x0000000746600000, 0x0000000746700000|  0%| E|  |TAMS 0x0000000746600000, 0x0000000746600000| Untracked 
| 103|0x0000000746700000, 0x0000000746700000, 0x0000000746800000|  0%| E|  |TAMS 0x0000000746700000, 0x0000000746700000| Untracked 
| 104|0x0000000746800000, 0x0000000746800000, 0x0000000746900000|  0%| E|  |TAMS 0x0000000746800000, 0x0000000746800000| Untracked 
| 105|0x0000000746900000, 0x0000000746900000, 0x0000000746a00000|  0%| E|  |TAMS 0x0000000746900000, 0x0000000746900000| Untracked 
| 106|0x0000000746a00000, 0x0000000746a00000, 0x0000000746b00000|  0%| E|  |TAMS 0x0000000746a00000, 0x0000000746a00000| Untracked 
| 107|0x0000000746b00000, 0x0000000746b00000, 0x0000000746c00000|  0%| E|  |TAMS 0x0000000746b00000, 0x0000000746b00000| Untracked 
| 108|0x0000000746c00000, 0x0000000746d00000, 0x0000000746d00000|100%| E|  |TAMS 0x0000000746c00000, 0x0000000746c00000| Untracked 
| 109|0x0000000746d00000, 0x0000000746d00000, 0x0000000746e00000|  0%| E|  |TAMS 0x0000000746d00000, 0x0000000746d00000| Untracked 
| 110|0x0000000746e00000, 0x0000000746e00000, 0x0000000746f00000|  0%| E|  |TAMS 0x0000000746e00000, 0x0000000746e00000| Untracked 
| 111|0x0000000746f00000, 0x0000000746f00000, 0x0000000747000000|  0%| E|  |TAMS 0x0000000746f00000, 0x0000000746f00000| Untracked 
| 112|0x0000000747000000, 0x0000000747000000, 0x0000000747100000|  0%| E|  |TAMS 0x0000000747000000, 0x0000000747000000| Untracked 
| 113|0x0000000747100000, 0x0000000747100000, 0x0000000747200000|  0%| E|  |TAMS 0x0000000747100000, 0x0000000747100000| Untracked 
| 114|0x0000000747200000, 0x0000000747200000, 0x0000000747300000|  0%| E|  |TAMS 0x0000000747200000, 0x0000000747200000| Untracked 
| 115|0x0000000747300000, 0x0000000747300000, 0x0000000747400000|  0%| E|  |TAMS 0x0000000747300000, 0x0000000747300000| Untracked 
| 116|0x0000000747400000, 0x0000000747400000, 0x0000000747500000|  0%| E|  |TAMS 0x0000000747400000, 0x0000000747400000| Untracked 
| 117|0x0000000747500000, 0x0000000747500000, 0x0000000747600000|  0%| E|  |TAMS 0x0000000747500000, 0x0000000747500000| Untracked 
| 118|0x0000000747600000, 0x0000000747600000, 0x0000000747700000|  0%| E|  |TAMS 0x0000000747600000, 0x0000000747600000| Untracked 
| 119|0x0000000747700000, 0x0000000747700000, 0x0000000747800000|  0%| E|  |TAMS 0x0000000747700000, 0x0000000747700000| Untracked 
| 120|0x0000000747800000, 0x0000000747800000, 0x0000000747900000|  0%| E|  |TAMS 0x0000000747800000, 0x0000000747800000| Untracked 
| 121|0x0000000747900000, 0x0000000747900000, 0x0000000747a00000|  0%| E|  |TAMS 0x0000000747900000, 0x0000000747900000| Untracked 
| 122|0x0000000747a00000, 0x0000000747a00000, 0x0000000747b00000|  0%| E|  |TAMS 0x0000000747a00000, 0x0000000747a00000| Untracked 
| 123|0x0000000747b00000, 0x0000000747b00000, 0x0000000747c00000|  0%| E|  |TAMS 0x0000000747b00000, 0x0000000747b00000| Untracked 
| 124|0x0000000747c00000, 0x0000000747c00000, 0x0000000747d00000|  0%| E|  |TAMS 0x0000000747c00000, 0x0000000747c00000| Untracked 
| 125|0x0000000747d00000, 0x0000000747e00000, 0x0000000747e00000|100%| E|  |TAMS 0x0000000747d00000, 0x0000000747d00000| Untracked 
| 126|0x0000000747e00000, 0x0000000747e00000, 0x0000000747f00000|  0%| E|  |TAMS 0x0000000747e00000, 0x0000000747e00000| Untracked 
| 127|0x0000000747f00000, 0x0000000748000000, 0x0000000748000000|100%| E|  |TAMS 0x0000000747f00000, 0x0000000747f00000| Untracked 
| 128|0x0000000748000000, 0x0000000748000000, 0x0000000748100000|  0%| E|  |TAMS 0x0000000748000000, 0x0000000748000000| Untracked 
| 129|0x0000000748100000, 0x0000000748200000, 0x0000000748200000|100%| E|  |TAMS 0x0000000748100000, 0x0000000748100000| Untracked 
| 130|0x0000000748200000, 0x0000000748300000, 0x0000000748300000|100%| E|  |TAMS 0x0000000748200000, 0x0000000748200000| Untracked 
| 191|0x000000074bf00000, 0x000000074c000000, 0x000000074c000000|100%| E|  |TAMS 0x000000074bf00000, 0x000000074bf00000| Untracked 
|2046|0x00000007bfe00000, 0x00000007bfe47000, 0x00000007bff00000| 27%|OA|  |TAMS 0x00000007bfe47000, 0x00000007bfe00000| Untracked 
|2047|0x00000007bff00000, 0x00000007bff77000, 0x00000007c0000000| 46%|CA|  |TAMS 0x00000007bff77000, 0x00000007bff00000| Untracked 

Card table byte_map: [0x000000011c6f8000,0x000000011ccf8000] _byte_map_base: 0x0000000118cf8000

Marking Bits (Prev, Next): (CMBitMap*) 0x00007fc52381fe18, (CMBitMap*) 0x00007fc52381fe58
 Prev Bits: [0x000000011d2f8000, 0x00000001202f8000)
 Next Bits: [0x00000001202f8000, 0x00000001232f8000)

Polling page: 0x0000000102ba9000

Metaspace:

Usage:
  Non-class:     27.13 MB capacity,    26.59 MB ( 98%) used,   478.46 KB (  2%) free+waste,    72.00 KB ( <1%) overhead. 
      Class:      3.57 MB capacity,     3.25 MB ( 91%) used,   299.59 KB (  8%) free+waste,    31.50 KB ( <1%) overhead. 
       Both:     30.70 MB capacity,    29.84 MB ( 97%) used,   778.05 KB (  2%) free+waste,   103.50 KB ( <1%) overhead. 

Virtual space:
  Non-class space:       28.00 MB reserved,      27.25 MB ( 97%) committed 
      Class space:        1.00 GB reserved,       3.62 MB ( <1%) committed 
             Both:        1.03 GB reserved,      30.88 MB (  3%) committed 

Chunk freelists:
   Non-Class:  68.00 KB
       Class:  20.00 KB
        Both:  88.00 KB

MaxMetaspaceSize: unlimited
CompressedClassSpaceSize: 1.00 GB

CodeHeap 'non-profiled nmethods': size=120032Kb used=2193Kb max_used=2251Kb free=117838Kb
 bounds [0x0000000114bc0000, 0x0000000114e30000, 0x000000011c0f8000]
CodeHeap 'profiled nmethods': size=120032Kb used=13151Kb max_used=14671Kb free=106880Kb
 bounds [0x000000010d688000, 0x000000010e4e8000, 0x0000000114bc0000]
CodeHeap 'non-nmethods': size=5696Kb used=1252Kb max_used=1285Kb free=4443Kb
 bounds [0x000000010d0f8000, 0x000000010d368000, 0x000000010d688000]
 total_blobs=8736 nmethods=6301 adapters=431
 compilation: enabled
              stopped_count=0, restarted_count=0
 full_count=0

Compilation events (20 events):
Event: 112.614 Thread 0x00007fc523879000 nmethod 7553 0x0000000114c7d190 code [0x0000000114c7d320, 0x0000000114c7d6d8]
Event: 112.614 Thread 0x00007fc523879000 7548       4       org.apache.maven.plugin.surefire.report.StatelessXmlReporter::isIllegalEscape (34 bytes)
Event: 112.617 Thread 0x00007fc523879000 nmethod 7548 0x0000000114d7ac10 code [0x0000000114d7ad80, 0x0000000114d7ae18]
Event: 112.617 Thread 0x00007fc523879000 7554       4       org.apache.maven.plugin.surefire.report.StatelessXmlReporter$EncodingOutputStream::write (89 bytes)
Event: 112.699 Thread 0x00007fc522851800 7557       3       java.util.stream.FindOps$FindOp::evaluateSequential (39 bytes)
Event: 112.700 Thread 0x00007fc522851800 nmethod 7557 0x000000010dff1190 code [0x000000010dff1380, 0x000000010dff1a28]
Event: 112.700 Thread 0x00007fc522851800 7558       3       java.util.stream.FindOps$FindSink::<init> (5 bytes)
Event: 112.701 Thread 0x00007fc522851800 nmethod 7558 0x000000010e03f710 code [0x000000010e03f8a0, 0x000000010e03fa70]
Event: 112.704 Thread 0x00007fc523879000 nmethod 7554 0x0000000114c7c710 code [0x0000000114c7c8a0, 0x0000000114c7cd38]
Event: 112.704 Thread 0x00007fc523879000 7521   !   4       java.nio.CharBuffer::wrap (20 bytes)
Event: 112.750 Thread 0x00007fc523879000 nmethod 7521 0x0000000114cab610 code [0x0000000114cab7a0, 0x0000000114caba58]
Event: 112.750 Thread 0x00007fc523879000 7542   !   4       java.nio.charset.CharsetEncoder::encode (285 bytes)
Event: 112.850 Thread 0x00007fc523879000 nmethod 7542 0x0000000114d81010 code [0x0000000114d81240, 0x0000000114d81750]
Event: 113.214 Thread 0x00007fc523879000 7559       4       java.util.TreeMap::successor (66 bytes)
Event: 113.231 Thread 0x00007fc523879000 nmethod 7559 0x0000000114dbc410 code [0x0000000114dbc580, 0x0000000114dbc658]
Event: 113.241 Thread 0x00007fc523879000 7560       4       java.lang.Thread::isInterrupted (6 bytes)
Event: 113.247 Thread 0x00007fc523879000 nmethod 7560 0x0000000114d80d10 code [0x0000000114d80ea0, 0x0000000114d80f68]
Event: 113.266 Thread 0x00007fc522851800 7561       3       java.lang.ClassLoader::getDefinedPackage (36 bytes)
Event: 113.268 Thread 0x00007fc522851800 nmethod 7561 0x000000010e1f8b10 code [0x000000010e1f8d00, 0x000000010e1f9308]
Event: 113.353 Thread 0x00007fc522851800 7563       3       sun.nio.cs.UTF_8$Encoder::encodeArrayLoop (489 bytes)

GC Heap History (20 events):
Event: 49.717 GC heap after
{Heap after GC invocations=12 (full 0):
 garbage-first heap   total 94208K, used 42545K [0x0000000740000000, 0x0000000800000000)
  region size 1024K, 3 young (3072K), 3 survivors (3072K)
 Metaspace       used 25994K, capacity 26805K, committed 27008K, reserved 1073152K
  class space    used 2909K, capacity 3169K, committed 3200K, reserved 1048576K
}
Event: 52.838 GC heap before
{Heap before GC invocations=12 (full 0):
 garbage-first heap   total 94208K, used 72241K [0x0000000740000000, 0x0000000800000000)
  region size 1024K, 32 young (32768K), 3 survivors (3072K)
 Metaspace       used 26482K, capacity 27298K, committed 27520K, reserved 1073152K
  class space    used 2934K, capacity 3177K, committed 3200K, reserved 1048576K
}
Event: 52.890 GC heap after
{Heap after GC invocations=13 (full 0):
 garbage-first heap   total 94208K, used 43229K [0x0000000740000000, 0x0000000800000000)
  region size 1024K, 1 young (1024K), 1 survivors (1024K)
 Metaspace       used 26482K, capacity 27298K, committed 27520K, reserved 1073152K
  class space    used 2934K, capacity 3177K, committed 3200K, reserved 1048576K
}
Event: 56.351 GC heap before
{Heap before GC invocations=13 (full 0):
 garbage-first heap   total 94208K, used 56541K [0x0000000740000000, 0x0000000800000000)
  region size 1024K, 15 young (15360K), 1 survivors (1024K)
 Metaspace       used 28039K, capacity 28952K, committed 29056K, reserved 1075200K
  class space    used 3104K, capacity 3410K, committed 3456K, reserved 1048576K
}
Event: 56.402 GC heap after
{Heap after GC invocations=14 (full 0):
 garbage-first heap   total 113664K, used 44384K [0x0000000740000000, 0x0000000800000000)
  region size 1024K, 2 young (2048K), 2 survivors (2048K)
 Metaspace       used 28039K, capacity 28952K, committed 29056K, reserved 1075200K
  class space    used 3104K, capacity 3410K, committed 3456K, reserved 1048576K
}
Event: 57.222 GC heap before
{Heap before GC invocations=14 (full 0):
 garbage-first heap   total 113664K, used 81248K [0x0000000740000000, 0x0000000800000000)
  region size 1024K, 36 young (36864K), 2 survivors (2048K)
 Metaspace       used 28108K, capacity 29028K, committed 29312K, reserved 1075200K
  class space    used 3113K, capacity 3414K, committed 3456K, reserved 1048576K
}
Event: 57.284 GC heap after
{Heap after GC invocations=15 (full 0):
 garbage-first heap   total 113664K, used 45904K [0x0000000740000000, 0x0000000800000000)
  region size 1024K, 3 young (3072K), 3 survivors (3072K)
 Metaspace       used 28108K, capacity 29028K, committed 29312K, reserved 1075200K
  class space    used 3113K, capacity 3414K, committed 3456K, reserved 1048576K
}
Event: 58.329 GC heap before
{Heap before GC invocations=16 (full 0):
 garbage-first heap   total 113664K, used 82768K [0x0000000740000000, 0x0000000800000000)
  region size 1024K, 38 young (38912K), 3 survivors (3072K)
 Metaspace       used 28173K, capacity 29047K, committed 29312K, reserved 1075200K
  class space    used 3113K, capacity 3416K, committed 3456K, reserved 1048576K
}
Event: 58.407 GC heap after
{Heap after GC invocations=17 (full 0):
 garbage-first heap   total 113664K, used 52173K [0x0000000740000000, 0x0000000800000000)
  region size 1024K, 5 young (5120K), 5 survivors (5120K)
 Metaspace       used 28173K, capacity 29047K, committed 29312K, reserved 1075200K
  class space    used 3113K, capacity 3416K, committed 3456K, reserved 1048576K
}
Event: 59.445 GC heap before
{Heap before GC invocations=17 (full 0):
 garbage-first heap   total 113664K, used 82893K [0x0000000740000000, 0x0000000800000000)
  region size 1024K, 36 young (36864K), 5 survivors (5120K)
 Metaspace       used 28173K, capacity 29047K, committed 29312K, reserved 1075200K
  class space    used 3113K, capacity 3416K, committed 3456K, reserved 1048576K
}
Event: 59.486 GC heap after
{Heap after GC invocations=18 (full 0):
 garbage-first heap   total 113664K, used 53924K [0x0000000740000000, 0x0000000800000000)
  region size 1024K, 2 young (2048K), 2 survivors (2048K)
 Metaspace       used 28173K, capacity 29047K, committed 29312K, reserved 1075200K
  class space    used 3113K, capacity 3416K, committed 3456K, reserved 1048576K
}
Event: 61.162 GC heap before
{Heap before GC invocations=18 (full 0):
 garbage-first heap   total 113664K, used 85668K [0x0000000740000000, 0x0000000800000000)
  region size 1024K, 33 young (33792K), 2 survivors (2048K)
 Metaspace       used 28217K, capacity 29111K, committed 29312K, reserved 1075200K
  class space    used 3113K, capacity 3416K, committed 3456K, reserved 1048576K
}
Event: 61.223 GC heap after
{Heap after GC invocations=19 (full 0):
 garbage-first heap   total 137216K, used 62318K [0x0000000740000000, 0x0000000800000000)
  region size 1024K, 5 young (5120K), 5 survivors (5120K)
 Metaspace       used 28217K, capacity 29111K, committed 29312K, reserved 1075200K
  class space    used 3113K, capacity 3416K, committed 3456K, reserved 1048576K
}
Event: 63.860 GC heap before
{Heap before GC invocations=20 (full 0):
 garbage-first heap   total 137216K, used 96110K [0x0000000740000000, 0x0000000800000000)
  region size 1024K, 40 young (40960K), 5 survivors (5120K)
 Metaspace       used 27956K, capacity 28851K, committed 29568K, reserved 1075200K
  class space    used 3092K, capacity 3415K, committed 3456K, reserved 1048576K
}
Event: 63.898 GC heap after
{Heap after GC invocations=21 (full 0):
 garbage-first heap   total 137216K, used 64243K [0x0000000740000000, 0x0000000800000000)
  region size 1024K, 3 young (3072K), 3 survivors (3072K)
 Metaspace       used 27956K, capacity 28851K, committed 29568K, reserved 1075200K
  class space    used 3092K, capacity 3415K, committed 3456K, reserved 1048576K
}
Event: 64.062 GC heap before
{Heap before GC invocations=21 (full 0):
 garbage-first heap   total 137216K, used 66291K [0x0000000740000000, 0x0000000800000000)
  region size 1024K, 6 young (6144K), 3 survivors (3072K)
 Metaspace       used 28046K, capacity 28915K, committed 29568K, reserved 1075200K
  class space    used 3105K, capacity 3415K, committed 3456K, reserved 1048576K
}
Event: 64.138 GC heap after
{Heap after GC invocations=22 (full 0):
 garbage-first heap   total 137216K, used 54133K [0x0000000740000000, 0x0000000800000000)
  region size 1024K, 1 young (1024K), 1 survivors (1024K)
 Metaspace       used 28046K, capacity 28915K, committed 29568K, reserved 1075200K
  class space    used 3105K, capacity 3415K, committed 3456K, reserved 1048576K
}
Event: 66.907 GC heap before
{Heap before GC invocations=22 (full 0):
 garbage-first heap   total 137216K, used 94069K [0x0000000740000000, 0x0000000800000000)
  region size 1024K, 40 young (40960K), 1 survivors (1024K)
 Metaspace       used 29293K, capacity 30164K, committed 30464K, reserved 1077248K
  class space    used 3199K, capacity 3487K, committed 3584K, reserved 1048576K
}
Event: 66.939 GC heap after
{Heap after GC invocations=23 (full 0):
 garbage-first heap   total 137216K, used 54977K [0x0000000740000000, 0x0000000800000000)
  region size 1024K, 3 young (3072K), 3 survivors (3072K)
 Metaspace       used 29293K, capacity 30164K, committed 30464K, reserved 1077248K
  class space    used 3199K, capacity 3487K, committed 3584K, reserved 1048576K
}
Event: 113.368 GC heap before
{Heap before GC invocations=23 (full 0):
 garbage-first heap   total 137216K, used 86721K [0x0000000740000000, 0x0000000800000000)
  region size 1024K, 36 young (36864K), 3 survivors (3072K)
 Metaspace       used 30554K, capacity 31436K, committed 31616K, reserved 1077248K
  class space    used 3324K, capacity 3656K, committed 3712K, reserved 1048576K
}

Deoptimization events (20 events):
Event: 112.609 Thread 0x00007fc525b0a800 DEOPT PACKING pc=0x000000010dfe6f2c sp=0x0000700006eff430
Event: 112.609 Thread 0x00007fc525b0a800 DEOPT UNPACKING pc=0x000000010d14133a sp=0x0000700006efe930 mode 0
Event: 112.611 Thread 0x00007fc525b0a800 DEOPT PACKING pc=0x000000010dfe6f2c sp=0x0000700006eff430
Event: 112.611 Thread 0x00007fc525b0a800 DEOPT UNPACKING pc=0x000000010d14133a sp=0x0000700006efe930 mode 0
Event: 112.614 Thread 0x00007fc525b0a800 DEOPT PACKING pc=0x000000010dfe6f2c sp=0x0000700006eff430
Event: 112.614 Thread 0x00007fc525b0a800 DEOPT UNPACKING pc=0x000000010d14133a sp=0x0000700006efe930 mode 0
Event: 112.616 Thread 0x00007fc525b0a800 DEOPT PACKING pc=0x000000010dfe6f2c sp=0x0000700006eff430
Event: 112.616 Thread 0x00007fc525b0a800 DEOPT UNPACKING pc=0x000000010d14133a sp=0x0000700006efe930 mode 0
Event: 112.618 Thread 0x00007fc525b0a800 DEOPT PACKING pc=0x000000010dfe6f2c sp=0x0000700006eff430
Event: 112.619 Thread 0x00007fc525b0a800 DEOPT UNPACKING pc=0x000000010d14133a sp=0x0000700006efe930 mode 0
Event: 112.620 Thread 0x00007fc525b0a800 DEOPT PACKING pc=0x000000010dfe6f2c sp=0x0000700006eff430
Event: 112.620 Thread 0x00007fc525b0a800 DEOPT UNPACKING pc=0x000000010d14133a sp=0x0000700006efe930 mode 0
Event: 113.213 Thread 0x00007fc5258e9000 Uncommon trap: trap_request=0xffffff45 fr.pc=0x0000000114c86d00 relative=0x00000000000011e0
Event: 113.213 Thread 0x00007fc5258e9000 Uncommon trap: reason=unstable_if action=reinterpret pc=0x0000000114c86d00 method=java.io.BufferedReader.readLine(Z)Ljava/lang/String; @ 55 c2
Event: 113.213 Thread 0x00007fc5258e9000 DEOPT PACKING pc=0x0000000114c86d00 sp=0x0000700007105900
Event: 113.213 Thread 0x00007fc5258e9000 DEOPT UNPACKING pc=0x000000010d140e25 sp=0x00007000071058b0 mode 2
Event: 113.261 Thread 0x00007fc523808000 Uncommon trap: trap_request=0xffffff45 fr.pc=0x0000000114c7de74 relative=0x0000000000000434
Event: 113.261 Thread 0x00007fc523808000 Uncommon trap: reason=unstable_if action=reinterpret pc=0x0000000114c7de74 method=sun.nio.cs.UTF_8$Encoder.encodeArrayLoop(Ljava/nio/CharBuffer;Ljava/nio/ByteBuffer;)Ljava/nio/charset/CoderResult; @ 87 c2
Event: 113.261 Thread 0x00007fc523808000 DEOPT PACKING pc=0x0000000114c7de74 sp=0x00000001042deed0
Event: 113.261 Thread 0x00007fc523808000 DEOPT UNPACKING pc=0x000000010d140e25 sp=0x00000001042dee88 mode 2

Classes unloaded (20 events):
Event: 113.559 Thread 0x00007fc523877800 Unloading class 0x0000000800dd8850 'lombok/javac/apt/LombokFileObject'
Event: 113.559 Thread 0x00007fc523877800 Unloading class 0x0000000800dd8640 'lombok/javac/apt/LombokFileObjects'
Event: 113.559 Thread 0x00007fc523877800 Unloading class 0x0000000800dd83f8 'lombok/javac/apt/MessagerDiagnosticsReceiver'
Event: 113.559 Thread 0x00007fc523877800 Unloading class 0x0000000800dd8040 'lombok/javac/apt/InterceptingJavaFileManager'
Event: 113.560 Thread 0x00007fc523877800 Unloading class 0x0000000800e41480 'lombok/permit/dummy/Parent'
Event: 113.560 Thread 0x00007fc523877800 Unloading class 0x0000000800e41258 'lombok/core/CleanupRegistry'
Event: 113.560 Thread 0x00007fc523877800 Unloading class 0x0000000800e41040 'lombok/permit/Permit$Fake'
Event: 113.560 Thread 0x00007fc523877800 Unloading class 0x0000000800e40d50 'lombok/permit/Permit'
Event: 113.560 Thread 0x00007fc523877800 Unloading class 0x0000000800e40a48 'lombok/javac/apt/LombokProcessor$1'
Event: 113.560 Thread 0x00007fc523877800 Unloading class 0x0000000800e40840 'lombok/core/DiagnosticsReceiver'
Event: 113.560 Thread 0x00007fc523877800 Unloading class 0x0000000800e34cc8 'lombok/javac/apt/LombokProcessor'
Event: 113.560 Thread 0x00007fc523877800 Unloading class 0x0000000800e34a88 'lombok/core/AnnotationProcessor$EcjDescriptor'
Event: 113.560 Thread 0x00007fc523877800 Unloading class 0x0000000800e34840 'lombok/core/AnnotationProcessor$JavacDescriptor'
Event: 113.560 Thread 0x00007fc523877800 Unloading class 0x0000000800e352d0 'lombok/core/AnnotationProcessor$ProcessorDescriptor'
Event: 113.560 Thread 0x00007fc523877800 Unloading class 0x0000000800e35040 'lombok/core/AnnotationProcessor'
Event: 113.560 Thread 0x00007fc523877800 Unloading class 0x0000000800e40250 'lombok/launch/AnnotationProcessorHider$ClaimingProcessor'
Event: 113.560 Thread 0x00007fc523877800 Unloading class 0x0000000800e40040 'lombok/launch/AnnotationProcessorHider$AstModificationNotifierData'
Event: 113.560 Thread 0x00007fc523877800 Unloading class 0x0000000800e35ce0 'lombok/launch/ShadowClassLoader'
Event: 113.560 Thread 0x00007fc523877800 Unloading class 0x0000000800e35ad0 'lombok/launch/Main'
Event: 113.560 Thread 0x00007fc523877800 Unloading class 0x0000000800e35840 'lombok/launch/AnnotationProcessorHider$AnnotationProcessor'

Classes redefined (0 events):
No events

Internal exceptions (20 events):
Event: 53.338 Thread 0x00007fc523808000 Exception <a 'sun/nio/fs/UnixException'{0x0000000747396ef8}> (0x0000000747396ef8) 
thrown [/scratch/mesos/slaves/fcf4c0c4-d73e-4321-860c-6613427db92b-S986/frameworks/1735e8a2-a1db-478c-8104-60c8b0af87dd-0196/executors/b21c77cc-e78c-4fea-ada2-0248f8e62b78/runs/ce7c8681-9c38-4388-a432-d1e7d11d4690/workspace/open/src/hotspot/share/prims/jni.cpp, line 598]
Event: 53.338 Thread 0x00007fc523808000 Exception <a 'sun/nio/fs/UnixException'{0x0000000747397640}> (0x0000000747397640) 
thrown [/scratch/mesos/slaves/fcf4c0c4-d73e-4321-860c-6613427db92b-S986/frameworks/1735e8a2-a1db-478c-8104-60c8b0af87dd-0196/executors/b21c77cc-e78c-4fea-ada2-0248f8e62b78/runs/ce7c8681-9c38-4388-a432-d1e7d11d4690/workspace/open/src/hotspot/share/prims/jni.cpp, line 598]
Event: 53.338 Thread 0x00007fc523808000 Exception <a 'sun/nio/fs/UnixException'{0x0000000747397d70}> (0x0000000747397d70) 
thrown [/scratch/mesos/slaves/fcf4c0c4-d73e-4321-860c-6613427db92b-S986/frameworks/1735e8a2-a1db-478c-8104-60c8b0af87dd-0196/executors/b21c77cc-e78c-4fea-ada2-0248f8e62b78/runs/ce7c8681-9c38-4388-a432-d1e7d11d4690/workspace/open/src/hotspot/share/prims/jni.cpp, line 598]
Event: 53.560 Thread 0x00007fc523808000 Exception <a 'java/lang/NoSuchMethodError'{0x00000007472f60a8}: 'int java.lang.invoke.DirectMethodHandle$Holder.invokeVirtual(java.lang.Object, java.lang.Object, java.lang.Object, java.lang.Object)'> (0x00000007472f60a8) 
thrown [/scratch/mesos/slaves/fcf4c0c4-d73e-4321-860c-6613427db92b-S986/frameworks/1735e8a2-a1db-478c-8104-60c8b0af87dd-0196/executors/b21c77cc-e78c-4fea-ada2-0248f8e62b78/runs/ce7c8681-9c38-4388-a432-d1e7d11d4690/workspace/open/src/hotspot/share/interpreter/linkResolver.cpp, line 767]
Event: 53.577 Thread 0x00007fc523808000 Exception <a 'java/lang/NoSuchMethodError'{0x0000000747100aa8}: 'java.lang.Object java.lang.invoke.DirectMethodHandle$Holder.invokeStatic(java.lang.Object, java.lang.Object, int, java.lang.Object)'> (0x0000000747100aa8) 
thrown [/scratch/mesos/slaves/fcf4c0c4-d73e-4321-860c-6613427db92b-S986/frameworks/1735e8a2-a1db-478c-8104-60c8b0af87dd-0196/executors/b21c77cc-e78c-4fea-ada2-0248f8e62b78/runs/ce7c8681-9c38-4388-a432-d1e7d11d4690/workspace/open/src/hotspot/share/interpreter/linkResolver.cpp, line 767]
Event: 53.580 Thread 0x00007fc523808000 Exception <a 'java/lang/NoSuchMethodError'{0x0000000747107018}: 'java.lang.Object java.lang.invoke.Invokers$Holder.linkToTargetMethod(java.lang.Object, int, java.lang.Object, java.lang.Object)'> (0x0000000747107018) 
thrown [/scratch/mesos/slaves/fcf4c0c4-d73e-4321-860c-6613427db92b-S986/frameworks/1735e8a2-a1db-478c-8104-60c8b0af87dd-0196/executors/b21c77cc-e78c-4fea-ada2-0248f8e62b78/runs/ce7c8681-9c38-4388-a432-d1e7d11d4690/workspace/open/src/hotspot/share/interpreter/linkResolver.cpp, line 767]
Event: 56.104 Thread 0x00007fc523808000 Exception <a 'java/lang/NoSuchMethodError'{0x0000000744c32f68}: 'java.lang.Object java.lang.invoke.DirectMethodHandle$Holder.invokeSpecial(java.lang.Object, java.lang.Object, java.lang.Object, java.lang.Object, java.lang.Object, java.lang.Object, java.lang.Object, java.lang.Object, java.lang.Object)'> (0x0000000744c32f68) 
thrown [/scratch/mesos/slaves/fcf4c0c4-d73e-4321-860c-6613427db92b-S986/frameworks/1735e8a2-a1db-478c-8104-60c8b0af87dd-0196/executors/b21c77cc-e78c-4fea-ada2-0248f8e62b78/runs/ce7c8681-
Event: 56.107 Thread 0x00007fc523808000 Exception <a 'java/lang/NoSuchMethodError'{0x0000000744c36d80}: 'java.lang.Object java.lang.invoke.Invokers$Holder.linkToTargetMethod(java.lang.Object, java.lang.Object, java.lang.Object, java.lang.Object, java.lang.Object, java.lang.Object, java.lang.Object, java.lang.Object)'> (0x0000000744c36d80) 
thrown [/scratch/mesos/slaves/fcf4c0c4-d73e-4321-860c-6613427db92b-S986/frameworks/1735e8a2-a1db-478c-8104-60c8b0af87dd-0196/executors/b21c77cc-e78c-4fea-ada2-0248f8e62b78/runs/ce7c8681-9c38-4388-a432-d1e7d11d
Event: 56.133 Thread 0x00007fc523808000 Exception <a 'java/lang/NoSuchMethodError'{0x0000000744c48ad8}: 'java.lang.Object java.lang.invoke.Invokers$Holder.linkToTargetMethod(java.lang.Object, java.lang.Object, java.lang.Object, java.lang.Object, java.lang.Object, java.lang.Object, java.lang.Object)'> (0x0000000744c48ad8) 
thrown [/scratch/mesos/slaves/fcf4c0c4-d73e-4321-860c-6613427db92b-S986/frameworks/1735e8a2-a1db-478c-8104-60c8b0af87dd-0196/executors/b21c77cc-e78c-4fea-ada2-0248f8e62b78/runs/ce7c8681-9c38-4388-a432-d1e7d11d4690/workspace/ope
Event: 64.258 Thread 0x00007fc523808000 Exception <a 'sun/nio/fs/UnixException'{0x0000000748296140}> (0x0000000748296140) 
thrown [/scratch/mesos/slaves/fcf4c0c4-d73e-4321-860c-6613427db92b-S986/frameworks/1735e8a2-a1db-478c-8104-60c8b0af87dd-0196/executors/b21c77cc-e78c-4fea-ada2-0248f8e62b78/runs/ce7c8681-9c38-4388-a432-d1e7d11d4690/workspace/open/src/hotspot/share/prims/jni.cpp, line 598]
Event: 64.258 Thread 0x00007fc523808000 Exception <a 'sun/nio/fs/UnixException'{0x0000000748296890}> (0x0000000748296890) 
thrown [/scratch/mesos/slaves/fcf4c0c4-d73e-4321-860c-6613427db92b-S986/frameworks/1735e8a2-a1db-478c-8104-60c8b0af87dd-0196/executors/b21c77cc-e78c-4fea-ada2-0248f8e62b78/runs/ce7c8681-9c38-4388-a432-d1e7d11d4690/workspace/open/src/hotspot/share/prims/jni.cpp, line 598]
Event: 64.259 Thread 0x00007fc523808000 Exception <a 'sun/nio/fs/UnixException'{0x0000000748296fc8}> (0x0000000748296fc8) 
thrown [/scratch/mesos/slaves/fcf4c0c4-d73e-4321-860c-6613427db92b-S986/frameworks/1735e8a2-a1db-478c-8104-60c8b0af87dd-0196/executors/b21c77cc-e78c-4fea-ada2-0248f8e62b78/runs/ce7c8681-9c38-4388-a432-d1e7d11d4690/workspace/open/src/hotspot/share/prims/jni.cpp, line 598]
Event: 66.132 Thread 0x00007fc523808000 Exception <a 'java/lang/NoSuchMethodError'{0x00000007468b4a80}: 'java.lang.String org.apache.maven.execution.MavenExecutionRequest.getFailureBehavior()'> (0x00000007468b4a80) 
thrown [/scratch/mesos/slaves/fcf4c0c4-d73e-4321-860c-6613427db92b-S986/frameworks/1735e8a2-a1db-478c-8104-60c8b0af87dd-0196/executors/b21c77cc-e78c-4fea-ada2-0248f8e62b78/runs/ce7c8681-9c38-4388-a432-d1e7d11d4690/workspace/open/src/hotspot/share/interpreter/linkResolver.cpp, line 862]
Event: 66.423 Thread 0x00007fc526052800 Exception <a 'java/lang/NoSuchMethodError'{0x0000000746a9bd98}: 'java.lang.Object java.lang.invoke.DirectMethodHandle$Holder.invokeStaticInit(java.lang.Object, java.lang.Object, long, java.lang.Object)'> (0x0000000746a9bd98) 
thrown [/scratch/mesos/slaves/fcf4c0c4-d73e-4321-860c-6613427db92b-S986/frameworks/1735e8a2-a1db-478c-8104-60c8b0af87dd-0196/executors/b21c77cc-e78c-4fea-ada2-0248f8e62b78/runs/ce7c8681-9c38-4388-a432-d1e7d11d4690/workspace/open/src/hotspot/share/interpreter/linkResolver.cpp, line 767
Event: 66.425 Thread 0x00007fc526052800 Exception <a 'java/lang/NoSuchMethodError'{0x0000000746aa17f0}: 'java.lang.Object java.lang.invoke.Invokers$Holder.linkToTargetMethod(java.lang.Object, long, java.lang.Object)'> (0x0000000746aa17f0) 
thrown [/scratch/mesos/slaves/fcf4c0c4-d73e-4321-860c-6613427db92b-S986/frameworks/1735e8a2-a1db-478c-8104-60c8b0af87dd-0196/executors/b21c77cc-e78c-4fea-ada2-0248f8e62b78/runs/ce7c8681-9c38-4388-a432-d1e7d11d4690/workspace/open/src/hotspot/share/interpreter/linkResolver.cpp, line 767]
Event: 68.466 Thread 0x00007fc523808000 Exception <a 'java/lang/NoSuchMethodError'{0x0000000746bdeff8}: 'java.lang.Object java.lang.invoke.DirectMethodHandle$Holder.invokeStatic(java.lang.Object, java.lang.Object, java.lang.Object, int)'> (0x0000000746bdeff8) 
thrown [/scratch/mesos/slaves/fcf4c0c4-d73e-4321-860c-6613427db92b-S986/frameworks/1735e8a2-a1db-478c-8104-60c8b0af87dd-0196/executors/b21c77cc-e78c-4fea-ada2-0248f8e62b78/runs/ce7c8681-9c38-4388-a432-d1e7d11d4690/workspace/open/src/hotspot/share/interpreter/linkResolver.cpp, line 767]
Event: 68.468 Thread 0x00007fc523808000 Exception <a 'java/lang/NoSuchMethodError'{0x0000000746be2738}: 'java.lang.Object java.lang.invoke.DirectMethodHandle$Holder.invokeSpecial(java.lang.Object, java.lang.Object, java.lang.Object, java.lang.Object, int)'> (0x0000000746be2738) 
thrown [/scratch/mesos/slaves/fcf4c0c4-d73e-4321-860c-6613427db92b-S986/frameworks/1735e8a2-a1db-478c-8104-60c8b0af87dd-0196/executors/b21c77cc-e78c-4fea-ada2-0248f8e62b78/runs/ce7c8681-9c38-4388-a432-d1e7d11d4690/workspace/open/src/hotspot/share/interpreter/linkResolver
Event: 68.472 Thread 0x00007fc523808000 Exception <a 'java/lang/NoSuchMethodError'{0x0000000746be57f8}: 'java.lang.Object java.lang.invoke.Invokers$Holder.linkToTargetMethod(java.lang.Object, java.lang.Object, int, java.lang.Object)'> (0x0000000746be57f8) 
thrown [/scratch/mesos/slaves/fcf4c0c4-d73e-4321-860c-6613427db92b-S986/frameworks/1735e8a2-a1db-478c-8104-60c8b0af87dd-0196/executors/b21c77cc-e78c-4fea-ada2-0248f8e62b78/runs/ce7c8681-9c38-4388-a432-d1e7d11d4690/workspace/open/src/hotspot/share/interpreter/linkResolver.cpp, line 767]
Event: 113.315 Thread 0x00007fc523808000 Exception <a 'sun/nio/fs/UnixException'{0x0000000746a5d330}> (0x0000000746a5d330) 
thrown [/scratch/mesos/slaves/fcf4c0c4-d73e-4321-860c-6613427db92b-S986/frameworks/1735e8a2-a1db-478c-8104-60c8b0af87dd-0196/executors/b21c77cc-e78c-4fea-ada2-0248f8e62b78/runs/ce7c8681-9c38-4388-a432-d1e7d11d4690/workspace/open/src/hotspot/share/prims/jni.cpp, line 598]
Event: 113.316 Thread 0x00007fc523808000 Exception <a 'java/lang/reflect/InvocationTargetException'{0x0000000746a5d968}> (0x0000000746a5d968) 
thrown [/scratch/mesos/slaves/fcf4c0c4-d73e-4321-860c-6613427db92b-S986/frameworks/1735e8a2-a1db-478c-8104-60c8b0af87dd-0196/executors/b21c77cc-e78c-4fea-ada2-0248f8e62b78/runs/ce7c8681-9c38-4388-a432-d1e7d11d4690/workspace/open/src/hotspot/share/runtime/reflection.cpp, line 1188]

Events (20 events):
Event: 113.293 loading class org/apache/maven/surefire/shade/org/apache/maven/shared/utils/io/Java7Support done
Event: 113.298 loading class java/nio/file/attribute/UserPrincipal
Event: 113.303 loading class java/nio/file/attribute/UserPrincipal done
Event: 113.306 loading class java/io/FileFilter
Event: 113.306 loading class java/io/FileFilter done
Event: 113.306 loading class java/nio/file/WatchService
Event: 113.306 loading class java/nio/file/WatchService done
Event: 113.306 loading class java/nio/file/WatchEvent$Kind
Event: 113.307 loading class java/nio/file/WatchEvent$Kind done
Event: 113.310 loading class java/nio/file/WatchKey
Event: 113.310 loading class java/nio/file/WatchKey done
Event: 113.310 loading class java/nio/file/WatchEvent$Modifier
Event: 113.310 loading class java/nio/file/WatchEvent$Modifier done
Event: 113.337 loading class org/apache/maven/lifecycle/LifecycleExecutionException
Event: 113.337 loading class org/apache/maven/lifecycle/LifecycleExecutionException done
Event: 113.339 loading class org/codehaus/plexus/util/Base64
Event: 113.339 loading class org/codehaus/plexus/util/Base64 done
Event: 113.339 loading class org/codehaus/plexus/util/Base64
Event: 113.339 loading class org/codehaus/plexus/util/Base64 done
Event: 113.367 Executing VM operation: G1CollectFull


Dynamic libraries:
0x00007fff5c3fc000 	/usr/lib/libz.1.dylib
0x0000000102b50000 	/Library/Java/JavaVirtualMachines/jdk-13.jdk/Contents/Home/lib/libjli.dylib
0x00007fff33dd9000 	/System/Library/Frameworks/Cocoa.framework/Versions/A/Cocoa
0x00007fff4043c000 	/System/Library/Frameworks/Security.framework/Versions/A/Security
0x00007fff32a17000 	/System/Library/Frameworks/ApplicationServices.framework/Versions/A/ApplicationServices
0x00007fff5a2aa000 	/usr/lib/libSystem.B.dylib
0x00007fff5c4aa000 	/usr/lib/system/libcache.dylib
0x00007fff5c4af000 	/usr/lib/system/libcommonCrypto.dylib
0x00007fff5c4ba000 	/usr/lib/system/libcompiler_rt.dylib
0x00007fff5c4c2000 	/usr/lib/system/libcopyfile.dylib
0x00007fff5c4cc000 	/usr/lib/system/libcorecrypto.dylib
0x00007fff5c5d9000 	/usr/lib/system/libdispatch.dylib
0x00007fff5c613000 	/usr/lib/system/libdyld.dylib
0x00007fff5c631000 	/usr/lib/system/libkeymgr.dylib
0x00007fff5c63f000 	/usr/lib/system/liblaunch.dylib
0x00007fff5c640000 	/usr/lib/system/libmacho.dylib
0x00007fff5c645000 	/usr/lib/system/libquarantine.dylib
0x00007fff5c648000 	/usr/lib/system/libremovefile.dylib
0x00007fff5c64a000 	/usr/lib/system/libsystem_asl.dylib
0x00007fff5c662000 	/usr/lib/system/libsystem_blocks.dylib
0x00007fff5c663000 	/usr/lib/system/libsystem_c.dylib
0x00007fff5c6ed000 	/usr/lib/system/libsystem_configuration.dylib
0x00007fff5c6f1000 	/usr/lib/system/libsystem_coreservices.dylib
0x00007fff5c6f5000 	/usr/lib/system/libsystem_darwin.dylib
0x00007fff5c6f7000 	/usr/lib/system/libsystem_dnssd.dylib
0x00007fff5c6fe000 	/usr/lib/system/libsystem_info.dylib
0x00007fff5c76f000 	/usr/lib/system/libsystem_m.dylib
0x00007fff5c7bb000 	/usr/lib/system/libsystem_malloc.dylib
0x00007fff5c7db000 	/usr/lib/system/libsystem_network.dylib
0x00007fff5c90c000 	/usr/lib/system/libsystem_networkextension.dylib
0x00007fff5c917000 	/usr/lib/system/libsystem_notify.dylib
0x00007fff5c935000 	/usr/lib/system/libsystem_sandbox.dylib
0x00007fff5c939000 	/usr/lib/system/libsystem_secinit.dylib
0x00007fff5c748000 	/usr/lib/system/libsystem_kernel.dylib
0x00007fff5c921000 	/usr/lib/system/libsystem_platform.dylib
0x00007fff5c929000 	/usr/lib/system/libsystem_pthread.dylib
0x00007fff5c93b000 	/usr/lib/system/libsystem_symptoms.dylib
0x00007fff5c943000 	/usr/lib/system/libsystem_trace.dylib
0x00007fff5c959000 	/usr/lib/system/libunwind.dylib
0x00007fff5c95f000 	/usr/lib/system/libxpc.dylib
0x00007fff59d70000 	/usr/lib/closure/libclosured.dylib
0x00007fff5b9e5000 	/usr/lib/libobjc.A.dylib
0x00007fff5a5b9000 	/usr/lib/libc++abi.dylib
0x00007fff5a562000 	/usr/lib/libc++.1.dylib
0x00007fff3459a000 	/System/Library/Frameworks/CoreFoundation.framework/Versions/A/CoreFoundation
0x00007fff36716000 	/System/Library/Frameworks/Foundation.framework/Versions/C/Foundation
0x00007fff31b67000 	/System/Library/Frameworks/AppKit.framework/Versions/C/AppKit
0x00007fff34151000 	/System/Library/Frameworks/CoreData.framework/Versions/A/CoreData
0x00007fff53b5d000 	/System/Library/PrivateFrameworks/RemoteViewServices.framework/Versions/A/RemoteViewServices
0x00007fff582db000 	/System/Library/PrivateFrameworks/UIFoundation.framework/Versions/A/UIFoundation
0x00007fff48955000 	/System/Library/PrivateFrameworks/DFRFoundation.framework/Versions/A/DFRFoundation
0x00007fff38d9b000 	/System/Library/Frameworks/Metal.framework/Versions/A/Metal
0x00007fff48af2000 	/System/Library/PrivateFrameworks/DesktopServicesPriv.framework/Versions/A/DesktopServicesPriv
0x00007fff5af32000 	/usr/lib/libenergytrace.dylib
0x00007fff56345000 	/System/Library/PrivateFrameworks/SkyLight.framework/Versions/A/SkyLight
0x00007fff34a38000 	/System/Library/Frameworks/CoreGraphics.framework/Versions/A/CoreGraphics
0x00007fff5a2a5000 	/usr/lib/libScreenReader.dylib
0x00007fff30879000 	/System/Library/Frameworks/Accelerate.framework/Versions/A/Accelerate
0x00007fff36e91000 	/System/Library/Frameworks/IOSurface.framework/Versions/A/IOSurface
0x00007fff32f62000 	/System/Library/Frameworks/AudioToolbox.framework/Versions/A/AudioToolbox
0x00007fff331f2000 	/System/Library/Frameworks/AudioUnit.framework/Versions/A/AudioUnit
0x00007fff489ed000 	/System/Library/PrivateFrameworks/DataDetectorsCore.framework/Versions/A/DataDetectorsCore
0x00007fff338cc000 	/System/Library/Frameworks/Carbon.framework/Versions/A/Frameworks/HIToolbox.framework/Versions/A/HIToolbox
0x00007fff5b08c000 	/usr/lib/libicucore.A.dylib
0x00007fff3f9b8000 	/System/Library/Frameworks/QuartzCore.framework/Versions/A/QuartzCore
0x00007fff555e6000 	/System/Library/PrivateFrameworks/SignpostNotification.framework/Versions/A/SignpostNotification
0x00007fff33cb2000 	/System/Library/Frameworks/Carbon.framework/Versions/A/Frameworks/SpeechRecognition.framework/Versions/A/SpeechRecognition
0x00007fff5a488000 	/usr/lib/libauto.dylib
0x00007fff5c2eb000 	/usr/lib/libxml2.2.dylib
0x00007fff485a5000 	/System/Library/PrivateFrameworks/CoreUI.framework/Versions/A/CoreUI
0x00007fff3402d000 	/System/Library/Frameworks/CoreAudio.framework/Versions/A/CoreAudio
0x00007fff36550000 	/System/Library/Frameworks/DiskArbitration.framework/Versions/A/DiskArbitration
0x00007fff5b300000 	/usr/lib/liblangid.dylib
0x00007fff50061000 	/System/Library/PrivateFrameworks/MultitouchSupport.framework/Versions/A/MultitouchSupport
0x00007fff36df4000 	/System/Library/Frameworks/IOKit.framework/Versions/A/IOKit
0x00007fff59f34000 	/usr/lib/libDiagnosticMessagesClient.dylib
0x00007fff3572d000 	/System/Library/Frameworks/CoreServices.framework/Versions/A/CoreServices
0x00007fff51b99000 	/System/Library/PrivateFrameworks/PerformanceAnalysis.framework/Versions/A/PerformanceAnalysis
0x00007fff3eb55000 	/System/Library/Frameworks/OpenGL.framework/Versions/A/OpenGL
0x00007fff33de7000 	/System/Library/Frameworks/ColorSync.framework/Versions/A/ColorSync
0x00007fff35069000 	/System/Library/Frameworks/CoreImage.framework/Versions/A/CoreImage
0x00007fff360be000 	/System/Library/Frameworks/CoreText.framework/Versions/A/CoreText
0x00007fff36eef000 	/System/Library/Frameworks/ImageIO.framework/Versions/A/ImageIO
0x00007fff4524f000 	/System/Library/PrivateFrameworks/Backup.framework/Versions/A/Backup
0x00007fff5a356000 	/usr/lib/libarchive.2.dylib
0x00007fff33515000 	/System/Library/Frameworks/CFNetwork.framework/Versions/A/CFNetwork
0x00007fff40bcf000 	/System/Library/Frameworks/SystemConfiguration.framework/Versions/A/SystemConfiguration
0x00007fff59e5d000 	/usr/lib/libCRFSuite.dylib
0x00007fff5a543000 	/usr/lib/libbsm.0.dylib
0x00007fff5c632000 	/usr/lib/system/libkxld.dylib
0x00007fff5a16e000 	/usr/lib/libOpenScriptingUtil.dylib
0x00007fff5a8b2000 	/usr/lib/libcoretls.dylib
0x00007fff5a8cb000 	/usr/lib/libcoretls_cfhelpers.dylib
0x00007fff5bde9000 	/usr/lib/libpam.2.dylib
0x00007fff5bf14000 	/usr/lib/libsqlite3.dylib
0x00007fff5c2da000 	/usr/lib/libxar.1.dylib
0x00007fff5a554000 	/usr/lib/libbz2.1.0.dylib
0x00007fff5b302000 	/usr/lib/liblzma.5.dylib
0x00007fff5b7e3000 	/usr/lib/libnetwork.dylib
0x00007fff5a33f000 	/usr/lib/libapple_nghttp2.dylib
0x00007fff5bdf0000 	/usr/lib/libpcap.A.dylib
0x00007fff5a489000 	/usr/lib/libboringssl.dylib
0x00007fff5c275000 	/usr/lib/libusrtcp.dylib
0x00007fff5a33e000 	/usr/lib/libapple_crypto.dylib
0x00007fff35ab0000 	/System/Library/Frameworks/CoreServices.framework/Versions/A/Frameworks/FSEvents.framework/Versions/A/FSEvents
0x00007fff357a3000 	/System/Library/Frameworks/CoreServices.framework/Versions/A/Frameworks/CarbonCore.framework/Versions/A/CarbonCore
0x00007fff35c78000 	/System/Library/Frameworks/CoreServices.framework/Versions/A/Frameworks/Metadata.framework/Versions/A/Metadata
0x00007fff35d29000 	/System/Library/Frameworks/CoreServices.framework/Versions/A/Frameworks/OSServices.framework/Versions/A/OSServices
0x00007fff35d8a000 	/System/Library/Frameworks/CoreServices.framework/Versions/A/Frameworks/SearchKit.framework/Versions/A/SearchKit
0x00007fff3572e000 	/System/Library/Frameworks/CoreServices.framework/Versions/A/Frameworks/AE.framework/Versions/A/AE
0x00007fff35ab9000 	/System/Library/Frameworks/CoreServices.framework/Versions/A/Frameworks/LaunchServices.framework/Versions/A/LaunchServices
0x00007fff35a7b000 	/System/Library/Frameworks/CoreServices.framework/Versions/A/Frameworks/DictionaryServices.framework/Versions/A/DictionaryServices
0x00007fff35df9000 	/System/Library/Frameworks/CoreServices.framework/Versions/A/Frameworks/SharedFileList.framework/Versions/A/SharedFileList
0x00007fff39fd1000 	/System/Library/Frameworks/NetFS.framework/Versions/A/NetFS
0x00007fff502f2000 	/System/Library/PrivateFrameworks/NetAuth.framework/Versions/A/NetAuth
0x00007fff59c07000 	/System/Library/PrivateFrameworks/login.framework/Versions/A/Frameworks/loginsupport.framework/Versions/A/loginsupport
0x00007fff57f58000 	/System/Library/PrivateFrameworks/TCC.framework/Versions/A/TCC
0x00007fff5b3e3000 	/usr/lib/libmecabra.dylib
0x00007fff32a18000 	/System/Library/Frameworks/ApplicationServices.framework/Versions/A/Frameworks/ATS.framework/Versions/A/ATS
0x00007fff32dc7000 	/System/Library/Frameworks/ApplicationServices.framework/Versions/A/Frameworks/ColorSyncLegacy.framework/Versions/A/ColorSyncLegacy
0x00007fff32e6b000 	/System/Library/Frameworks/ApplicationServices.framework/Versions/A/Frameworks/HIServices.framework/Versions/A/HIServices
0x00007fff32ebe000 	/System/Library/Frameworks/ApplicationServices.framework/Versions/A/Frameworks/LangAnalysis.framework/Versions/A/LangAnalysis
0x00007fff32ecd000 	/System/Library/Frameworks/ApplicationServices.framework/Versions/A/Frameworks/PrintCore.framework/Versions/A/PrintCore
0x00007fff32f1a000 	/System/Library/Frameworks/ApplicationServices.framework/Versions/A/Frameworks/QD.framework/Versions/A/QD
0x00007fff32f55000 	/System/Library/Frameworks/ApplicationServices.framework/Versions/A/Frameworks/SpeechSynthesis.framework/Versions/A/SpeechSynthesis
0x00007fff344b6000 	/System/Library/Frameworks/CoreDisplay.framework/Versions/A/CoreDisplay
0x00007fff30892000 	/System/Library/Frameworks/Accelerate.framework/Versions/A/Frameworks/vImage.framework/Versions/A/vImage
0x00007fff31873000 	/System/Library/Frameworks/Accelerate.framework/Versions/A/Frameworks/vecLib.framework/Versions/A/vecLib
0x00007fff31648000 	/System/Library/Frameworks/Accelerate.framework/Versions/A/Frameworks/vecLib.framework/Versions/A/libvDSP.dylib
0x00007fff31182000 	/System/Library/Frameworks/Accelerate.framework/Versions/A/Frameworks/vecLib.framework/Versions/A/libBNNS.dylib
0x00007fff315ae000 	/System/Library/Frameworks/Accelerate.framework/Versions/A/Frameworks/vecLib.framework/Versions/A/libQuadrature.dylib
0x00007fff317bc000 	/System/Library/Frameworks/Accelerate.framework/Versions/A/Frameworks/vecLib.framework/Versions/A/libvMisc.dylib
0x00007fff311bd000 	/System/Library/Frameworks/Accelerate.framework/Versions/A/Frameworks/vecLib.framework/Versions/A/libLAPACK.dylib
0x00007fff30fe1000 	/System/Library/Frameworks/Accelerate.framework/Versions/A/Frameworks/vecLib.framework/Versions/A/libBLAS.dylib
0x00007fff31597000 	/System/Library/Frameworks/Accelerate.framework/Versions/A/Frameworks/vecLib.framework/Versions/A/libLinearAlgebra.dylib
0x00007fff315b4000 	/System/Library/Frameworks/Accelerate.framework/Versions/A/Frameworks/vecLib.framework/Versions/A/libSparse.dylib
0x00007fff31635000 	/System/Library/Frameworks/Accelerate.framework/Versions/A/Frameworks/vecLib.framework/Versions/A/libSparseBLAS.dylib
0x00007fff4d12c000 	/System/Library/PrivateFrameworks/GPUWrangler.framework/Versions/A/GPUWrangler
0x00007fff4e8c0000 	/System/Library/PrivateFrameworks/IOAccelerator.framework/Versions/A/IOAccelerator
0x00007fff4e8cb000 	/System/Library/PrivateFrameworks/IOPresentment.framework/Versions/A/IOPresentment
0x00007fff48967000 	/System/Library/PrivateFrameworks/DSExternalDisplay.framework/Versions/A/DSExternalDisplay
0x00007fff3dfd4000 	/System/Library/Frameworks/OpenGL.framework/Versions/A/Libraries/libCoreFSCache.dylib
0x00007fff3620f000 	/System/Library/Frameworks/CoreVideo.framework/Versions/A/CoreVideo
0x00007fff4dea7000 	/System/Library/PrivateFrameworks/GraphVisualizer.framework/Versions/A/GraphVisualizer
0x00007fff38fd2000 	/System/Library/Frameworks/MetalPerformanceShaders.framework/Versions/A/MetalPerformanceShaders
0x00007fff59f6c000 	/usr/lib/libFosl_dynamic.dylib
0x00007fff49a36000 	/System/Library/PrivateFrameworks/FaceCore.framework/Versions/A/FaceCore
0x00007fff3cdcf000 	/System/Library/Frameworks/OpenCL.framework/Versions/A/OpenCL
0x00007fff5a5f0000 	/usr/lib/libcompression.dylib
0x00007fff32b17000 	/System/Library/Frameworks/ApplicationServices.framework/Versions/A/Frameworks/ATS.framework/Versions/A/Resources/libFontParser.dylib
0x00007fff32c3a000 	/System/Library/Frameworks/ApplicationServices.framework/Versions/A/Frameworks/ATS.framework/Versions/A/Resources/libFontRegistry.dylib
0x00007fff3715b000 	/System/Library/Frameworks/ImageIO.framework/Versions/A/Resources/libJPEG.dylib
0x00007fff37499000 	/System/Library/Frameworks/ImageIO.framework/Versions/A/Resources/libTIFF.dylib
0x00007fff3746f000 	/System/Library/Frameworks/ImageIO.framework/Versions/A/Resources/libPng.dylib
0x00007fff3706e000 	/System/Library/Frameworks/ImageIO.framework/Versions/A/Resources/libGIF.dylib
0x00007fff37073000 	/System/Library/Frameworks/ImageIO.framework/Versions/A/Resources/libJP2.dylib
0x00007fff37496000 	/System/Library/Frameworks/ImageIO.framework/Versions/A/Resources/libRadiance.dylib
0x00007fff44979000 	/System/Library/PrivateFrameworks/AppleJPEG.framework/Versions/A/AppleJPEG
0x00007fff38e39000 	/System/Library/Frameworks/MetalPerformanceShaders.framework/Frameworks/MPSCore.framework/Versions/A/MPSCore
0x00007fff38e55000 	/System/Library/Frameworks/MetalPerformanceShaders.framework/Frameworks/MPSImage.framework/Versions/A/MPSImage
0x00007fff38eea000 	/System/Library/Frameworks/MetalPerformanceShaders.framework/Frameworks/MPSNeuralNetwork.framework/Versions/A/MPSNeuralNetwork
0x00007fff38ec5000 	/System/Library/Frameworks/MetalPerformanceShaders.framework/Frameworks/MPSMatrix.framework/Versions/A/MPSMatrix
0x00007fff4fdc3000 	/System/Library/PrivateFrameworks/MetalTools.framework/Versions/A/MetalTools
0x00007fff3e19f000 	/System/Library/Frameworks/OpenGL.framework/Versions/A/Libraries/libGLU.dylib
0x00007fff3dfdf000 	/System/Library/Frameworks/OpenGL.framework/Versions/A/Libraries/libGFXShared.dylib
0x00007fff3dfe9000 	/System/Library/Frameworks/OpenGL.framework/Versions/A/Libraries/libGL.dylib
0x00007fff3dff5000 	/System/Library/Frameworks/OpenGL.framework/Versions/A/Libraries/libGLImage.dylib
0x00007fff3dfd1000 	/System/Library/Frameworks/OpenGL.framework/Versions/A/Libraries/libCVMSPluginSupport.dylib
0x00007fff3dfda000 	/System/Library/Frameworks/OpenGL.framework/Versions/A/Libraries/libCoreVMClient.dylib
0x00007fff5ad9d000 	/usr/lib/libcups.2.dylib
0x00007fff383a0000 	/System/Library/Frameworks/Kerberos.framework/Versions/A/Kerberos
0x00007fff36b4e000 	/System/Library/Frameworks/GSS.framework/Versions/A/GSS
0x00007fff5bea7000 	/usr/lib/libresolv.9.dylib
0x00007fff5af9a000 	/usr/lib/libiconv.2.dylib
0x00007fff4df39000 	/System/Library/PrivateFrameworks/Heimdal.framework/Versions/A/Heimdal
0x00007fff5af69000 	/usr/lib/libheimdal-asn1.dylib
0x00007fff3ce47000 	/System/Library/Frameworks/OpenDirectory.framework/Versions/A/OpenDirectory
0x00007fff46c92000 	/System/Library/PrivateFrameworks/CommonAuth.framework/Versions/A/CommonAuth
0x00007fff3ce2a000 	/System/Library/Frameworks/OpenDirectory.framework/Versions/A/Frameworks/CFOpenDirectory.framework/Versions/A/CFOpenDirectory
0x00007fff40768000 	/System/Library/Frameworks/SecurityFoundation.framework/Versions/A/SecurityFoundation
0x00007fff43b3c000 	/System/Library/PrivateFrameworks/APFS.framework/Versions/A/APFS
0x00007fff5c2d6000 	/usr/lib/libutil.dylib
0x00007fff449fc000 	/System/Library/PrivateFrameworks/AppleSauce.framework/Versions/A/AppleSauce
0x00007fff4f0a8000 	/System/Library/PrivateFrameworks/LinguisticData.framework/Versions/A/LinguisticData
0x00007fff5b31c000 	/usr/lib/libmarisa.dylib
0x00007fff4f062000 	/System/Library/PrivateFrameworks/Lexicon.framework/Versions/A/Lexicon
0x00007fff59e97000 	/usr/lib/libChineseTokenizer.dylib
0x00007fff5a5df000 	/usr/lib/libcmph.dylib
0x00007fff4ef6c000 	/System/Library/PrivateFrameworks/LanguageModeling.framework/Versions/A/LanguageModeling
0x00007fff477af000 	/System/Library/PrivateFrameworks/CoreEmoji.framework/Versions/A/CoreEmoji
0x00007fff40826000 	/System/Library/Frameworks/ServiceManagement.framework/Versions/A/ServiceManagement
0x00007fff45247000 	/System/Library/PrivateFrameworks/BackgroundTaskManagement.framework/Versions/A/BackgroundTaskManagement
0x00007fff5c3d3000 	/usr/lib/libxslt.1.dylib
0x00007fff33bdc000 	/System/Library/Frameworks/Carbon.framework/Versions/A/Frameworks/Ink.framework/Versions/A/Ink
0x00007fff5816d000 	/System/Library/PrivateFrameworks/TextureIO.framework/Versions/A/TextureIO
0x00007fff5a381000 	/usr/lib/libate.dylib
0x00007fff488c6000 	/System/Library/PrivateFrameworks/CrashReporterSupport.framework/Versions/A/CrashReporterSupport
0x00007fff554a6000 	/System/Library/PrivateFrameworks/Sharing.framework/Versions/A/Sharing
0x00007fff4ecad000 	/System/Library/PrivateFrameworks/IconServices.framework/Versions/A/IconServices
0x00007fff44e77000 	/System/Library/PrivateFrameworks/AuthKit.framework/Versions/A/AuthKit
0x00007fff447fc000 	/System/Library/PrivateFrameworks/Apple80211.framework/Versions/A/Apple80211
0x00007fff486db000 	/System/Library/PrivateFrameworks/CoreUtils.framework/Versions/A/CoreUtils
0x00007fff3624a000 	/System/Library/Frameworks/CoreWLAN.framework/Versions/A/CoreWLAN
0x00007fff36c90000 	/System/Library/Frameworks/IOBluetooth.framework/Versions/A/IOBluetooth
0x00007fff53968000 	/System/Library/PrivateFrameworks/ProtocolBuffer.framework/Versions/A/ProtocolBuffer
0x00007fff4ffbc000 	/System/Library/PrivateFrameworks/MobileKeyBag.framework/Versions/A/MobileKeyBag
0x00007fff47f53000 	/System/Library/PrivateFrameworks/CorePhoneNumbers.framework/Versions/A/CorePhoneNumbers
0x00007fff44934000 	/System/Library/PrivateFrameworks/AppleIDAuthSupport.framework/Versions/A/AppleIDAuthSupport
0x00007fff4ef58000 	/System/Library/PrivateFrameworks/KeychainCircle.framework/Versions/A/KeychainCircle
0x00007fff48861000 	/System/Library/PrivateFrameworks/CoreWiFi.framework/Versions/A/CoreWiFi
0x00007fff34127000 	/System/Library/Frameworks/CoreBluetooth.framework/Versions/A/CoreBluetooth
0x00007fff48ab1000 	/System/Library/PrivateFrameworks/DebugSymbols.framework/Versions/A/DebugSymbols
0x00007fff48491000 	/System/Library/PrivateFrameworks/CoreSymbolication.framework/Versions/A/CoreSymbolication
0x00007fff5795e000 	/System/Library/PrivateFrameworks/Symbolication.framework/Versions/A/Symbolication
0x00007fff44826000 	/System/Library/PrivateFrameworks/AppleFSCompression.framework/Versions/A/AppleFSCompression
0x00007fff56dab000 	/System/Library/PrivateFrameworks/SpeechRecognitionCore.framework/Versions/A/SpeechRecognitionCore
0x0000000103400000 	/Library/Java/JavaVirtualMachines/jdk-13.jdk/Contents/Home/lib/server/libjvm.dylib
0x0000000102b78000 	/Library/Java/JavaVirtualMachines/jdk-13.jdk/Contents/Home/lib/libverify.dylib
0x0000000102b84000 	/Library/Java/JavaVirtualMachines/jdk-13.jdk/Contents/Home/lib/libjava.dylib
0x0000000102bf3000 	/Library/Java/JavaVirtualMachines/jdk-13.jdk/Contents/Home/lib/libzip.dylib
0x00000001042e3000 	/Library/Java/JavaVirtualMachines/jdk-13.jdk/Contents/Home/lib/libjimage.dylib
0x0000000125e13000 	/Library/Java/JavaVirtualMachines/jdk-13.jdk/Contents/Home/lib/libnio.dylib
0x0000000125e21000 	/Library/Java/JavaVirtualMachines/jdk-13.jdk/Contents/Home/lib/./libnet.dylib


VM Arguments:
jvm_args: -Dclassworlds.conf=/Applications/NetBeans/Apache NetBeans 11.2.app/Contents/Resources/NetBeans/netbeans/java/maven/bin/m2.conf -Dmaven.home=/Applications/NetBeans/Apache NetBeans 11.2.app/Contents/Resources/NetBeans/netbeans/java/maven -Dmaven.multiModuleProjectDirectory=/Users/macbook/Documents/diego/Programacion/Visual Studio/nuevo proyecto/backend 
java_command: org.codehaus.plexus.classworlds.launcher.Launcher -Dmaven.ext.class.path=/Applications/NetBeans/Apache NetBeans 11.2.app/Contents/Resources/NetBeans/netbeans/java/maven-nblib/netbeans-eventspy.jar clean install
java_class_path (initial): /Applications/NetBeans/Apache NetBeans 11.2.app/Contents/Resources/NetBeans/netbeans/java/maven/boot/plexus-classworlds-2.5.2.jar
Launcher Type: SUN_STANDARD

[Global flags]
     intx CICompilerCount                          = 3                                         {product} {ergonomic}
     uint ConcGCThreads                            = 1                                         {product} {ergonomic}
     uint G1ConcRefinementThreads                  = 4                                         {product} {ergonomic}
   size_t G1HeapRegionSize                         = 1048576                                   {product} {ergonomic}
    uintx GCDrainStackTargetSize                   = 64                                        {product} {ergonomic}
   size_t InitialHeapSize                          = 201326592                                 {product} {ergonomic}
   size_t MarkStackSize                            = 4194304                                   {product} {ergonomic}
   size_t MaxHeapSize                              = 3221225472                                {product} {ergonomic}
   size_t MaxNewSize                               = 1932525568                                {product} {ergonomic}
   size_t MinHeapDeltaBytes                        = 1048576                                   {product} {ergonomic}
   size_t MinHeapSize                              = 8388608                                   {product} {ergonomic}
    uintx NonNMethodCodeHeapSize                   = 5830732                                {pd product} {ergonomic}
    uintx NonProfiledCodeHeapSize                  = 122913754                              {pd product} {ergonomic}
    uintx ProfiledCodeHeapSize                     = 122913754                              {pd product} {ergonomic}
    uintx ReservedCodeCacheSize                    = 251658240                              {pd product} {ergonomic}
     bool SegmentedCodeCache                       = true                                      {product} {ergonomic}
   size_t SoftMaxHeapSize                          = 3221225472                             {manageable} {ergonomic}
     bool UseCompressedClassPointers               = true                                 {lp64_product} {ergonomic}
     bool UseCompressedOops                        = true                                 {lp64_product} {ergonomic}
     bool UseG1GC                                  = true                                      {product} {ergonomic}

Logging:
Log output configuration:
 #0: stdout all=warning uptime,level,tags
 #1: stderr all=off uptime,level,tags

Environment Variables:
JAVA_HOME=/Library/Java/JavaVirtualMachines/jdk-13.jdk/Contents/Home
PATH=/usr/bin:/bin:/usr/sbin:/sbin
SHELL=/bin/bash

Signal Handlers:
SIGSEGV: [libjvm.dylib+0x781750], sa_mask[0]=11111111011111110111111111111111, sa_flags=SA_ONSTACK|SA_RESTART|SA_SIGINFO
SIGBUS: [libjvm.dylib+0x781750], sa_mask[0]=11111111011111110111111111111111, sa_flags=SA_RESTART|SA_SIGINFO
SIGFPE: [libjvm.dylib+0x781750], sa_mask[0]=11111111011111110111111111111111, sa_flags=SA_RESTART|SA_SIGINFO
SIGPIPE: [libjvm.dylib+0x62815d], sa_mask[0]=11111111011111110111111111111111, sa_flags=SA_RESTART|SA_SIGINFO
SIGXFSZ: [libjvm.dylib+0x62815d], sa_mask[0]=11111111011111110111111111111111, sa_flags=SA_RESTART|SA_SIGINFO
SIGILL: [libjvm.dylib+0x781750], sa_mask[0]=11111111011111110111111111111111, sa_flags=SA_RESTART|SA_SIGINFO
SIGUSR2: [libjvm.dylib+0x628747], sa_mask[0]=00100000000000000000000000000000, sa_flags=SA_RESTART|SA_SIGINFO
SIGHUP: [libjvm.dylib+0x627735], sa_mask[0]=11111111011111110111111111111111, sa_flags=SA_RESTART|SA_SIGINFO
SIGINT: SIG_IGN, sa_mask[0]=00000000000000000000000000000000, sa_flags=none
SIGTERM: [libjvm.dylib+0x627735], sa_mask[0]=11111111011111110111111111111111, sa_flags=SA_RESTART|SA_SIGINFO
SIGQUIT: [libjvm.dylib+0x627735], sa_mask[0]=11111111011111110111111111111111, sa_flags=SA_RESTART|SA_SIGINFO


---------------  S Y S T E M  ---------------

OS:uname:Darwin 17.7.0 Darwin Kernel Version 17.7.0: Mon Aug 31 22:11:23 PDT 2020; root:xnu-4570.71.82.6~1/RELEASE_X86_64 x86_64
rlimit: STACK 8192k, CORE 0k, NPROC 1064, NOFILE 10240, AS infinity, DATA infinity, FSIZE infinity
load average:6.36 5.22 4.92

CPU:total 4 (initial active 4) (2 cores per cpu, 2 threads per core) family 6 model 42 stepping 7, cmov, cx8, fxsr, mmx, sse, sse2, sse3, ssse3, sse4.1, sse4.2, popcnt, avx, aes, clmul, ht, tsc, tscinvbit

Memory: 4k page, physical 12582912k(582648k free), swap 1048576k(806656k free)

vm_info: Java HotSpot(TM) 64-Bit Server VM (13+33) for bsd-amd64 JRE (13+33), built on Sep 18 2019 20:37:30 by "mach5one" with clang 4.2.1 Compatible Apple LLVM 10.0.0 (clang-1000.11.45.5)

END.
